<testsuites id="" name="" tests="1278" failures="0" skipped="1278" errors="0" time="0.7805410000000002">
<testsuite name="auth-flow.spec.ts" timestamp="2026-03-28T23:20:27.296Z" hostname="chromium" tests="17" failures="0" skipped="17" time="0" errors="0">
<testcase name="Authentication Flow › should navigate to login page" classname="auth-flow.spec.ts" time="0">
<skipped>
</skipped>
</testcase>
<testcase name="Authentication Flow › should display login form elements" classname="auth-flow.spec.ts" time="0">
<skipped>
</skipped>
</testcase>
<testcase name="Authentication Flow › should validate email format" classname="auth-flow.spec.ts" time="0">
<skipped>
</skipped>
</testcase>
<testcase name="Authentication Flow › should show error for empty fields" classname="auth-flow.spec.ts" time="0">
<skipped>
</skipped>
</testcase>
<testcase name="Authentication Flow › should handle invalid credentials" classname="auth-flow.spec.ts" time="0">
<skipped>
</skipped>
</testcase>
<testcase name="Authentication Flow › should handle successful login" classname="auth-flow.spec.ts" time="0">
<skipped>
</skipped>
</testcase>
<testcase name="Authentication Flow › should support &quot;remember me&quot; functionality" classname="auth-flow.spec.ts" time="0">
<skipped>
</skipped>
</testcase>
<testcase name="Authentication Flow › should navigate to registration page" classname="auth-flow.spec.ts" time="0">
<skipped>
</skipped>
</testcase>
<testcase name="Authentication Flow › should support password reset flow" classname="auth-flow.spec.ts" time="0">
<skipped>
</skipped>
</testcase>
<testcase name="Authentication Flow › should handle logout" classname="auth-flow.spec.ts" time="0">
<skipped>
</skipped>
</testcase>
<testcase name="Authentication Flow › should redirect to login when accessing protected route" classname="auth-flow.spec.ts" time="0">
<skipped>
</skipped>
</testcase>
<testcase name="Authentication Flow › should display social login options" classname="auth-flow.spec.ts" time="0">
<skipped>
</skipped>
</testcase>
<testcase name="Authentication Flow › should show loading state during authentication" classname="auth-flow.spec.ts" time="0">
<skipped>
</skipped>
</testcase>
<testcase name="Session Management › should persist session across page refresh" classname="auth-flow.spec.ts" time="0">
<skipped>
</skipped>
</testcase>
<testcase name="Session Management › should clear session on logout" classname="auth-flow.spec.ts" time="0">
<skipped>
</skipped>
</testcase>
<testcase name="Accessibility › should have proper form labels" classname="auth-flow.spec.ts" time="0">
<skipped>
</skipped>
</testcase>
<testcase name="Accessibility › should have proper ARIA attributes" classname="auth-flow.spec.ts" time="0">
<skipped>
</skipped>
</testcase>
</testsuite>
<testsuite name="core-interactions.spec.ts" timestamp="2026-03-28T23:20:27.296Z" hostname="chromium" tests="31" failures="0" skipped="31" time="0" errors="0">
<testcase name="主题切换 - 基础功能 › 主题切换器应可见" classname="core-interactions.spec.ts" time="0">
<skipped>
</skipped>
</testcase>
<testcase name="主题切换 - 基础功能 › 点击主题切换器应切换主题" classname="core-interactions.spec.ts" time="0">
<skipped>
</skipped>
</testcase>
<testcase name="主题切换 - 基础功能 › 暗黑模式应正确应用样式" classname="core-interactions.spec.ts" time="0">
<skipped>
</skipped>
</testcase>
<testcase name="主题切换 - 基础功能 › 亮色模式应正确应用样式" classname="core-interactions.spec.ts" time="0">
<skipped>
</skipped>
</testcase>
<testcase name="主题切换 - 基础功能 › 主题切换器应有触摸友好尺寸" classname="core-interactions.spec.ts" time="0">
<skipped>
</skipped>
</testcase>
<testcase name="主题切换 - 持久化 › 刷新页面应保持主题设置" classname="core-interactions.spec.ts" time="0">
<skipped>
</skipped>
</testcase>
<testcase name="主题切换 - 持久化 › 导航到其他页面应保持主题设置" classname="core-interactions.spec.ts" time="0">
<skipped>
</skipped>
</testcase>
<testcase name="按钮交互 - 基础功能 › 按钮应有悬停效果" classname="core-interactions.spec.ts" time="0">
<skipped>
</skipped>
</testcase>
<testcase name="按钮交互 - 基础功能 › 按钮应有按下效果" classname="core-interactions.spec.ts" time="0">
<skipped>
</skipped>
</testcase>
<testcase name="按钮交互 - 基础功能 › 按钮应有键盘焦点样式" classname="core-interactions.spec.ts" time="0">
<skipped>
</skipped>
</testcase>
<testcase name="链接交互 - 基础功能 › 链接应有悬停效果" classname="core-interactions.spec.ts" time="0">
<skipped>
</skipped>
</testcase>
<testcase name="链接交互 - 基础功能 › 链接应有键盘焦点样式" classname="core-interactions.spec.ts" time="0">
<skipped>
</skipped>
</testcase>
<testcase name="链接交互 - 基础功能 › 外部链接应有正确的 target 属性" classname="core-interactions.spec.ts" time="0">
<skipped>
</skipped>
</testcase>
<testcase name="表单交互 - 联系表单 › 表单字段应正确显示" classname="core-interactions.spec.ts" time="0">
<skipped>
</skipped>
</testcase>
<testcase name="表单交互 - 联系表单 › 表单字段应有正确的标签" classname="core-interactions.spec.ts" time="0">
<skipped>
</skipped>
</testcase>
<testcase name="表单交互 - 联系表单 › 表单字段应接受输入" classname="core-interactions.spec.ts" time="0">
<skipped>
</skipped>
</testcase>
<testcase name="表单交互 - 联系表单 › 邮箱字段应验证格式" classname="core-interactions.spec.ts" time="0">
<skipped>
</skipped>
</testcase>
<testcase name="表单交互 - 联系表单 › 提交按钮应可点击" classname="core-interactions.spec.ts" time="0">
<skipped>
</skipped>
</testcase>
<testcase name="表单交互 - 搜索功能 › 搜索输入框应接受输入" classname="core-interactions.spec.ts" time="0">
<skipped>
</skipped>
</testcase>
<testcase name="滚动交互 › 页面应可滚动" classname="core-interactions.spec.ts" time="0">
<skipped>
</skipped>
</testcase>
<testcase name="滚动交互 › 导航栏应在滚动时保持可见" classname="core-interactions.spec.ts" time="0">
<skipped>
</skipped>
</testcase>
<testcase name="触摸交互 › 移动端按钮应有触摸友好尺寸" classname="core-interactions.spec.ts" time="0">
<skipped>
</skipped>
</testcase>
<testcase name="触摸交互 › 移动端链接应有触摸友好尺寸" classname="core-interactions.spec.ts" time="0">
<skipped>
</skipped>
</testcase>
<testcase name="错误处理 › 404 页面应正确显示" classname="core-interactions.spec.ts" time="0">
<skipped>
</skipped>
</testcase>
<testcase name="错误处理 › 网络错误应优雅处理" classname="core-interactions.spec.ts" time="0">
<skipped>
</skipped>
</testcase>
<testcase name="可访问性 › 页面应有主标题" classname="core-interactions.spec.ts" time="0">
<skipped>
</skipped>
</testcase>
<testcase name="可访问性 › 图片应有 alt 属性" classname="core-interactions.spec.ts" time="0">
<skipped>
</skipped>
</testcase>
<testcase name="可访问性 › 表单字段应有标签" classname="core-interactions.spec.ts" time="0">
<skipped>
</skipped>
</testcase>
<testcase name="可访问性 › 焦点顺序应合理" classname="core-interactions.spec.ts" time="0">
<skipped>
</skipped>
</testcase>
<testcase name="性能优化 › 页面应无控制台错误" classname="core-interactions.spec.ts" time="0">
<skipped>
</skipped>
</testcase>
<testcase name="性能优化 › 关键资源应优先加载" classname="core-interactions.spec.ts" time="0">
<skipped>
</skipped>
</testcase>
</testsuite>
<testsuite name="dashboard-analytics.spec.ts" timestamp="2026-03-28T23:20:27.296Z" hostname="chromium" tests="30" failures="0" skipped="30" time="0" errors="0">
<testcase name="Dashboard Analytics › should display dashboard overview" classname="dashboard-analytics.spec.ts" time="0">
<skipped>
</skipped>
</testcase>
<testcase name="Dashboard Analytics › should show task statistics" classname="dashboard-analytics.spec.ts" time="0">
<skipped>
</skipped>
</testcase>
<testcase name="Dashboard Analytics › should display charts and visualizations" classname="dashboard-analytics.spec.ts" time="0">
<skipped>
</skipped>
</testcase>
<testcase name="Dashboard Analytics › should show task distribution chart" classname="dashboard-analytics.spec.ts" time="0">
<skipped>
</skipped>
</testcase>
<testcase name="Dashboard Analytics › should display activity timeline" classname="dashboard-analytics.spec.ts" time="0">
<skipped>
</skipped>
</testcase>
<testcase name="Dashboard Analytics › should filter dashboard by date range" classname="dashboard-analytics.spec.ts" time="0">
<skipped>
</skipped>
</testcase>
<testcase name="Dashboard Analytics › should refresh dashboard data" classname="dashboard-analytics.spec.ts" time="0">
<skipped>
</skipped>
</testcase>
<testcase name="Dashboard Analytics › should export dashboard report" classname="dashboard-analytics.spec.ts" time="0">
<skipped>
</skipped>
</testcase>
<testcase name="Dashboard Analytics › should show team performance metrics" classname="dashboard-analytics.spec.ts" time="0">
<skipped>
</skipped>
</testcase>
<testcase name="Dashboard Analytics › should display productivity trends" classname="dashboard-analytics.spec.ts" time="0">
<skipped>
</skipped>
</testcase>
<testcase name="Analytics Page › should navigate to analytics page" classname="dashboard-analytics.spec.ts" time="0">
<skipped>
</skipped>
</testcase>
<testcase name="Analytics Page › should display comprehensive analytics" classname="dashboard-analytics.spec.ts" time="0">
<skipped>
</skipped>
</testcase>
<testcase name="Analytics Page › should show task completion rate" classname="dashboard-analytics.spec.ts" time="0">
<skipped>
</skipped>
</testcase>
<testcase name="Analytics Page › should display task velocity" classname="dashboard-analytics.spec.ts" time="0">
<skipped>
</skipped>
</testcase>
<testcase name="Analytics Page › should show time-based analytics" classname="dashboard-analytics.spec.ts" time="0">
<skipped>
</skipped>
</testcase>
<testcase name="Analytics Page › should compare team member performance" classname="dashboard-analytics.spec.ts" time="0">
<skipped>
</skipped>
</testcase>
<testcase name="Analytics Page › should show task category breakdown" classname="dashboard-analytics.spec.ts" time="0">
<skipped>
</skipped>
</testcase>
<testcase name="Analytics Page › should allow custom date range selection" classname="dashboard-analytics.spec.ts" time="0">
<skipped>
</skipped>
</testcase>
<testcase name="Analytics Page › should export analytics data" classname="dashboard-analytics.spec.ts" time="0">
<skipped>
</skipped>
</testcase>
<testcase name="Analytics Page › should display trend indicators" classname="dashboard-analytics.spec.ts" time="0">
<skipped>
</skipped>
</testcase>
<testcase name="Analytics Page › should show data in table format" classname="dashboard-analytics.spec.ts" time="0">
<skipped>
</skipped>
</testcase>
<testcase name="Analytics Page › should allow drill-down on charts" classname="dashboard-analytics.spec.ts" time="0">
<skipped>
</skipped>
</testcase>
<testcase name="Analytics Page › should show loading state during data fetch" classname="dashboard-analytics.spec.ts" time="0">
<skipped>
</skipped>
</testcase>
<testcase name="Analytics Page › should handle empty data state" classname="dashboard-analytics.spec.ts" time="0">
<skipped>
</skipped>
</testcase>
<testcase name="Report Generation › should generate PDF report" classname="dashboard-analytics.spec.ts" time="0">
<skipped>
</skipped>
</testcase>
<testcase name="Report Generation › should schedule automated reports" classname="dashboard-analytics.spec.ts" time="0">
<skipped>
</skipped>
</testcase>
<testcase name="Report Generation › should show report history" classname="dashboard-analytics.spec.ts" time="0">
<skipped>
</skipped>
</testcase>
<testcase name="Dashboard Accessibility › should have proper chart ARIA labels" classname="dashboard-analytics.spec.ts" time="0">
<skipped>
</skipped>
</testcase>
<testcase name="Dashboard Accessibility › should support keyboard navigation" classname="dashboard-analytics.spec.ts" time="0">
<skipped>
</skipped>
</testcase>
<testcase name="Dashboard Accessibility › should announce chart data to screen readers" classname="dashboard-analytics.spec.ts" time="0">
<skipped>
</skipped>
</testcase>
</testsuite>
<testsuite name="dashboard.spec.ts" timestamp="2026-03-28T23:20:27.296Z" hostname="chromium" tests="21" failures="0" skipped="21" time="0" errors="0">
<testcase name="Dashboard 基础测试 › Dashboard 页面应该正确加载" classname="dashboard.spec.ts" time="0">
<skipped>
</skipped>
</testcase>
<testcase name="Dashboard 基础测试 › Dashboard 应该显示标题区域" classname="dashboard.spec.ts" time="0">
<skipped>
</skipped>
</testcase>
<testcase name="Dashboard 基础测试 › Dashboard 应该显示统计卡片" classname="dashboard.spec.ts" time="0">
<skipped>
</skipped>
</testcase>
<testcase name="Dashboard 基础测试 › Dashboard 应该显示成员状态区域" classname="dashboard.spec.ts" time="0">
<skipped>
</skipped>
</testcase>
<testcase name="Dashboard 刷新功能测试 › 应该有刷新按钮" classname="dashboard.spec.ts" time="0">
<skipped>
</skipped>
</testcase>
<testcase name="Dashboard 刷新功能测试 › 点击刷新按钮应该触发数据更新" classname="dashboard.spec.ts" time="0">
<skipped>
</skipped>
</testcase>
<testcase name="Dashboard 刷新功能测试 › 自动刷新开关应该工作" classname="dashboard.spec.ts" time="0">
<skipped>
</skipped>
</testcase>
<testcase name="Dashboard 成员卡片测试 › 应该显示 AI 成员" classname="dashboard.spec.ts" time="0">
<skipped>
</skipped>
</testcase>
<testcase name="Dashboard 成员卡片测试 › 成员卡片应该显示状态" classname="dashboard.spec.ts" time="0">
<skipped>
</skipped>
</testcase>
<testcase name="Dashboard 成员卡片测试 › 成员卡片应该显示任务信息" classname="dashboard.spec.ts" time="0">
<skipped>
</skipped>
</testcase>
<testcase name="Dashboard 任务看板测试 › 应该显示任务区域" classname="dashboard.spec.ts" time="0">
<skipped>
</skipped>
</testcase>
<testcase name="Dashboard 任务看板测试 › 任务应该显示标题" classname="dashboard.spec.ts" time="0">
<skipped>
</skipped>
</testcase>
<testcase name="Dashboard 活动日志测试 › 应该显示活动日志区域" classname="dashboard.spec.ts" time="0">
<skipped>
</skipped>
</testcase>
<testcase name="Dashboard 响应式测试 › 移动端 Dashboard 布局" classname="dashboard.spec.ts" time="0">
<skipped>
</skipped>
</testcase>
<testcase name="Dashboard 响应式测试 › 平板端 Dashboard 布局" classname="dashboard.spec.ts" time="0">
<skipped>
</skipped>
</testcase>
<testcase name="Dashboard 响应式测试 › 桌面端 Dashboard 布局" classname="dashboard.spec.ts" time="0">
<skipped>
</skipped>
</testcase>
<testcase name="Dashboard 错误处理测试 › API 错误时应该显示错误提示" classname="dashboard.spec.ts" time="0">
<skipped>
</skipped>
</testcase>
<testcase name="Dashboard 错误处理测试 › 网络错误时应该优雅降级" classname="dashboard.spec.ts" time="0">
<skipped>
</skipped>
</testcase>
<testcase name="Dashboard 加载状态测试 › 加载时应该显示加载指示器" classname="dashboard.spec.ts" time="0">
<skipped>
</skipped>
</testcase>
<testcase name="Dashboard 无障碍测试 › 主要按钮应该可访问" classname="dashboard.spec.ts" time="0">
<skipped>
</skipped>
</testcase>
<testcase name="Dashboard 无障碍测试 › 标题应该有正确的层次结构" classname="dashboard.spec.ts" time="0">
<skipped>
</skipped>
</testcase>
</testsuite>
<testsuite name="form.spec.ts" timestamp="2026-03-28T23:20:27.296Z" hostname="chromium" tests="12" failures="0" skipped="12" time="0" errors="0">
<testcase name="联系表单测试 › 联系页面应该正确加载" classname="form.spec.ts" time="0">
<skipped>
</skipped>
</testcase>
<testcase name="联系表单测试 › 表单应该显示所有必填字段" classname="form.spec.ts" time="0">
<skipped>
</skipped>
</testcase>
<testcase name="联系表单测试 › 空表单提交应该显示验证错误" classname="form.spec.ts" time="0">
<skipped>
</skipped>
</testcase>
<testcase name="联系表单测试 › 无效邮箱应该显示错误" classname="form.spec.ts" time="0">
<skipped>
</skipped>
</testcase>
<testcase name="联系表单测试 › 消息太短应该显示错误" classname="form.spec.ts" time="0">
<skipped>
</skipped>
</testcase>
<testcase name="联系表单测试 › 成功提交表单" classname="form.spec.ts" time="0">
<skipped>
</skipped>
</testcase>
<testcase name="联系表单测试 › 表单提交时按钮应该显示加载状态" classname="form.spec.ts" time="0">
<skipped>
</skipped>
</testcase>
<testcase name="联系表单测试 › 选择不同的主题选项" classname="form.spec.ts" time="0">
<skipped>
</skipped>
</testcase>
<testcase name="联系表单测试 › 输入时错误提示应该消失" classname="form.spec.ts" time="0">
<skipped>
</skipped>
</testcase>
<testcase name="表单无障碍测试 › 表单字段应该有正确的标签" classname="form.spec.ts" time="0">
<skipped>
</skipped>
</testcase>
<testcase name="表单无障碍测试 › 必填字段应该有标记" classname="form.spec.ts" time="0">
<skipped>
</skipped>
</testcase>
<testcase name="表单无障碍测试 › 表单应该支持键盘导航" classname="form.spec.ts" time="0">
<skipped>
</skipped>
</testcase>
</testsuite>
<testsuite name="home.spec.ts" timestamp="2026-03-28T23:20:27.296Z" hostname="chromium" tests="6" failures="0" skipped="6" time="0" errors="0">
<testcase name="首页测试 › 首页应该正确加载" classname="home.spec.ts" time="0">
<skipped>
</skipped>
</testcase>
<testcase name="首页测试 › 页面应该包含主要内容区域" classname="home.spec.ts" time="0">
<skipped>
</skipped>
</testcase>
<testcase name="首页测试 › 页面应该正确处理语言重定向" classname="home.spec.ts" time="0">
<skipped>
</skipped>
</testcase>
<testcase name="首页测试 › 首页应该包含导航栏" classname="home.spec.ts" time="0">
<skipped>
</skipped>
</testcase>
<testcase name="首页测试 › 首页应该包含页脚" classname="home.spec.ts" time="0">
<skipped>
</skipped>
</testcase>
<testcase name="首页测试 › 页面应该在合理时间内加载完成" classname="home.spec.ts" time="0">
<skipped>
</skipped>
</testcase>
</testsuite>
<testsuite name="homepage.spec.ts" timestamp="2026-03-28T23:20:27.296Z" hostname="chromium" tests="19" failures="0" skipped="19" time="0" errors="0">
<testcase name="首页 - 加载和渲染 › 根路径应重定向到默认语言" classname="homepage.spec.ts" time="0">
<skipped>
</skipped>
</testcase>
<testcase name="首页 - 加载和渲染 › 中文首页应正确加载" classname="homepage.spec.ts" time="0">
<skipped>
</skipped>
</testcase>
<testcase name="首页 - 加载和渲染 › 英文首页应正确加载" classname="homepage.spec.ts" time="0">
<skipped>
</skipped>
</testcase>
<testcase name="首页 - 加载和渲染 › 首页应包含导航栏" classname="homepage.spec.ts" time="0">
<skipped>
</skipped>
</testcase>
<testcase name="首页 - 加载和渲染 › 首页应包含语言切换器" classname="homepage.spec.ts" time="0">
<skipped>
</skipped>
</testcase>
<testcase name="首页 - 加载和渲染 › 首页应包含主题切换器" classname="homepage.spec.ts" time="0">
<skipped>
</skipped>
</testcase>
<testcase name="首页 - 加载和渲染 › 首页应在合理时间内加载完成" classname="homepage.spec.ts" time="0">
<skipped>
</skipped>
</testcase>
<testcase name="首页 - 加载和渲染 › 首页应包含主要内容区域" classname="homepage.spec.ts" time="0">
<skipped>
</skipped>
</testcase>
<testcase name="首页 - 加载和渲染 › 首页应包含页脚" classname="homepage.spec.ts" time="0">
<skipped>
</skipped>
</testcase>
<testcase name="首页 - 加载和渲染 › 首页应响应式适配移动端" classname="homepage.spec.ts" time="0">
<skipped>
</skipped>
</testcase>
<testcase name="首页 - 加载和渲染 › 首页应响应式适配桌面端" classname="homepage.spec.ts" time="0">
<skipped>
</skipped>
</testcase>
<testcase name="首页 - 加载和渲染 › 首页应无控制台错误" classname="homepage.spec.ts" time="0">
<skipped>
</skipped>
</testcase>
<testcase name="首页 - 加载和渲染 › 首页应支持键盘导航" classname="homepage.spec.ts" time="0">
<skipped>
</skipped>
</testcase>
<testcase name="首页 - 性能优化 › 首页应优化的图片加载" classname="homepage.spec.ts" time="0">
<skipped>
</skipped>
</testcase>
<testcase name="首页 - 性能优化 › 首页应优化的字体加载" classname="homepage.spec.ts" time="0">
<skipped>
</skipped>
</testcase>
<testcase name="首页 - SEO 元数据 › 中文首页应有正确的 meta 标签" classname="homepage.spec.ts" time="0">
<skipped>
</skipped>
</testcase>
<testcase name="首页 - SEO 元数据 › 英文首页应有正确的 meta 标签" classname="homepage.spec.ts" time="0">
<skipped>
</skipped>
</testcase>
<testcase name="首页 - SEO 元数据 › 首页应有正确的 canonical URL" classname="homepage.spec.ts" time="0">
<skipped>
</skipped>
</testcase>
<testcase name="首页 - SEO 元数据 › 首页 HTML lang 属性应正确" classname="homepage.spec.ts" time="0">
<skipped>
</skipped>
</testcase>
</testsuite>
<testsuite name="i18n.spec.ts" timestamp="2026-03-28T23:20:27.296Z" hostname="chromium" tests="33" failures="0" skipped="33" time="0" errors="0">
<testcase name="多语言 - 基础测试 › 根路径应该重定向到默认语言" classname="i18n.spec.ts" time="0">
<skipped>
</skipped>
</testcase>
<testcase name="多语言 - 基础测试 › 中文页面应该正确加载" classname="i18n.spec.ts" time="0">
<skipped>
</skipped>
</testcase>
<testcase name="多语言 - 基础测试 › 英文页面应该正确加载" classname="i18n.spec.ts" time="0">
<skipped>
</skipped>
</testcase>
<testcase name="多语言 - 语言切换器测试 › 语言切换器应该可见" classname="i18n.spec.ts" time="0">
<skipped>
</skipped>
</testcase>
<testcase name="多语言 - 语言切换器测试 › 点击语言切换器应该显示语言选项" classname="i18n.spec.ts" time="0">
<skipped>
</skipped>
</testcase>
<testcase name="多语言 - 语言切换器测试 › 切换到英文" classname="i18n.spec.ts" time="0">
<skipped>
</skipped>
</testcase>
<testcase name="多语言 - 语言切换器测试 › 切换到中文" classname="i18n.spec.ts" time="0">
<skipped>
</skipped>
</testcase>
<testcase name="多语言 - URL 测试 › 中文 - 首页 URL 应该正确" classname="i18n.spec.ts" time="0">
<skipped>
</skipped>
</testcase>
<testcase name="多语言 - URL 测试 › 中文 - 关于页面 URL 应该正确" classname="i18n.spec.ts" time="0">
<skipped>
</skipped>
</testcase>
<testcase name="多语言 - URL 测试 › 中文 - 团队页面 URL 应该正确" classname="i18n.spec.ts" time="0">
<skipped>
</skipped>
</testcase>
<testcase name="多语言 - URL 测试 › 中文 - 联系页面 URL 应该正确" classname="i18n.spec.ts" time="0">
<skipped>
</skipped>
</testcase>
<testcase name="多语言 - URL 测试 › 中文 - Dashboard URL 应该正确" classname="i18n.spec.ts" time="0">
<skipped>
</skipped>
</testcase>
<testcase name="多语言 - URL 测试 › English - 首页 URL 应该正确" classname="i18n.spec.ts" time="0">
<skipped>
</skipped>
</testcase>
<testcase name="多语言 - URL 测试 › English - 关于页面 URL 应该正确" classname="i18n.spec.ts" time="0">
<skipped>
</skipped>
</testcase>
<testcase name="多语言 - URL 测试 › English - 团队页面 URL 应该正确" classname="i18n.spec.ts" time="0">
<skipped>
</skipped>
</testcase>
<testcase name="多语言 - URL 测试 › English - 联系页面 URL 应该正确" classname="i18n.spec.ts" time="0">
<skipped>
</skipped>
</testcase>
<testcase name="多语言 - URL 测试 › English - Dashboard URL 应该正确" classname="i18n.spec.ts" time="0">
<skipped>
</skipped>
</testcase>
<testcase name="多语言 - 内容本地化测试 › 中文导航栏应该显示中文" classname="i18n.spec.ts" time="0">
<skipped>
</skipped>
</testcase>
<testcase name="多语言 - 内容本地化测试 › 英文导航栏应该显示英文" classname="i18n.spec.ts" time="0">
<skipped>
</skipped>
</testcase>
<testcase name="多语言 - 内容本地化测试 › 中文页面标题应该包含中文" classname="i18n.spec.ts" time="0">
<skipped>
</skipped>
</testcase>
<testcase name="多语言 - 内容本地化测试 › 英文页面标题应该包含英文" classname="i18n.spec.ts" time="0">
<skipped>
</skipped>
</testcase>
<testcase name="多语言 - 元数据测试 › 中文 - HTML lang 属性应该正确" classname="i18n.spec.ts" time="0">
<skipped>
</skipped>
</testcase>
<testcase name="多语言 - 元数据测试 › 中文 - 应该有正确的 hreflang 标签" classname="i18n.spec.ts" time="0">
<skipped>
</skipped>
</testcase>
<testcase name="多语言 - 元数据测试 › English - HTML lang 属性应该正确" classname="i18n.spec.ts" time="0">
<skipped>
</skipped>
</testcase>
<testcase name="多语言 - 元数据测试 › English - 应该有正确的 hreflang 标签" classname="i18n.spec.ts" time="0">
<skipped>
</skipped>
</testcase>
<testcase name="多语言 - 表单本地化测试 › 中文联系表单应该显示中文标签" classname="i18n.spec.ts" time="0">
<skipped>
</skipped>
</testcase>
<testcase name="多语言 - 表单本地化测试 › 英文联系表单应该显示英文标签" classname="i18n.spec.ts" time="0">
<skipped>
</skipped>
</testcase>
<testcase name="多语言 - 错误页面本地化测试 › 中文 404 页面应该显示中文" classname="i18n.spec.ts" time="0">
<skipped>
</skipped>
</testcase>
<testcase name="多语言 - 错误页面本地化测试 › 英文 404 页面应该显示英文" classname="i18n.spec.ts" time="0">
<skipped>
</skipped>
</testcase>
<testcase name="多语言 - 持久化测试 › 语言选择应该在导航时保持" classname="i18n.spec.ts" time="0">
<skipped>
</skipped>
</testcase>
<testcase name="多语言 - 持久化测试 › 刷新页面应该保持语言" classname="i18n.spec.ts" time="0">
<skipped>
</skipped>
</testcase>
<testcase name="多语言 - 响应式测试 › 移动端语言切换器应该可用" classname="i18n.spec.ts" time="0">
<skipped>
</skipped>
</testcase>
<testcase name="多语言 - 响应式测试 › 桌面端语言切换器应该可用" classname="i18n.spec.ts" time="0">
<skipped>
</skipped>
</testcase>
</testsuite>
<testsuite name="integration/user-flow.spec.ts" timestamp="2026-03-28T23:20:27.296Z" hostname="chromium" tests="10" failures="0" skipped="10" time="0" errors="0">
<testcase name="User Flow Integration Tests › complete user flow: home to dashboard to settings" classname="integration/user-flow.spec.ts" time="0">
<skipped>
</skipped>
</testcase>
<testcase name="User Flow Integration Tests › navigation flow: home -&gt; about -&gt; team -&gt; home" classname="integration/user-flow.spec.ts" time="0">
<skipped>
</skipped>
</testcase>
<testcase name="User Flow Integration Tests › contact form submission flow" classname="integration/user-flow.spec.ts" time="0">
<skipped>
</skipped>
</testcase>
<testcase name="User Flow Integration Tests › theme switching flow" classname="integration/user-flow.spec.ts" time="0">
<skipped>
</skipped>
</testcase>
<testcase name="User Flow Integration Tests › language switching flow" classname="integration/user-flow.spec.ts" time="0">
<skipped>
</skipped>
</testcase>
<testcase name="User Flow Integration Tests › responsive navigation on mobile" classname="integration/user-flow.spec.ts" time="0">
<skipped>
</skipped>
</testcase>
<testcase name="Error Handling Integration Tests › handles 404 pages gracefully" classname="integration/user-flow.spec.ts" time="0">
<skipped>
</skipped>
</testcase>
<testcase name="Error Handling Integration Tests › handles server errors" classname="integration/user-flow.spec.ts" time="0">
<skipped>
</skipped>
</testcase>
<testcase name="Performance Integration Tests › page loads within acceptable time" classname="integration/user-flow.spec.ts" time="0">
<skipped>
</skipped>
</testcase>
<testcase name="Performance Integration Tests › images load correctly" classname="integration/user-flow.spec.ts" time="0">
<skipped>
</skipped>
</testcase>
</testsuite>
<testsuite name="language-switching.spec.ts" timestamp="2026-03-28T23:20:27.296Z" hostname="chromium" tests="39" failures="0" skipped="39" time="0" errors="0">
<testcase name="语言切换 - 基础功能 › 根路径应重定向到默认语言" classname="language-switching.spec.ts" time="0">
<skipped>
</skipped>
</testcase>
<testcase name="语言切换 - 基础功能 › 中文页面应正确加载" classname="language-switching.spec.ts" time="0">
<skipped>
</skipped>
</testcase>
<testcase name="语言切换 - 基础功能 › 英文页面应正确加载" classname="language-switching.spec.ts" time="0">
<skipped>
</skipped>
</testcase>
<testcase name="语言切换 - 基础功能 › 中文页面 HTML lang 属性应正确" classname="language-switching.spec.ts" time="0">
<skipped>
</skipped>
</testcase>
<testcase name="语言切换 - 基础功能 › 英文页面 HTML lang 属性应正确" classname="language-switching.spec.ts" time="0">
<skipped>
</skipped>
</testcase>
<testcase name="语言切换器 - 界面显示 › 语言切换器应可见" classname="language-switching.spec.ts" time="0">
<skipped>
</skipped>
</testcase>
<testcase name="语言切换器 - 界面显示 › 语言切换器应显示当前语言标志" classname="language-switching.spec.ts" time="0">
<skipped>
</skipped>
</testcase>
<testcase name="语言切换器 - 界面显示 › 语言切换器应有悬停效果" classname="language-switching.spec.ts" time="0">
<skipped>
</skipped>
</testcase>
<testcase name="语言切换器 - 界面显示 › 语言切换器应有可点击的触摸目标" classname="language-switching.spec.ts" time="0">
<skipped>
</skipped>
</testcase>
<testcase name="语言切换器 - 切换功能 › 点击语言切换器应切换语言（中文到英文）" classname="language-switching.spec.ts" time="0">
<skipped>
</skipped>
</testcase>
<testcase name="语言切换器 - 切换功能 › 点击语言切换器应切换语言（英文到中文）" classname="language-switching.spec.ts" time="0">
<skipped>
</skipped>
</testcase>
<testcase name="语言切换器 - 切换功能 › 切换语言应在子页面正确工作" classname="language-switching.spec.ts" time="0">
<skipped>
</skipped>
</testcase>
<testcase name="语言切换器 - 切换功能 › 切换语言应保持当前路径" classname="language-switching.spec.ts" time="0">
<skipped>
</skipped>
</testcase>
<testcase name="语言切换器 - 移动端 › 移动端语言切换器应可见" classname="language-switching.spec.ts" time="0">
<skipped>
</skipped>
</testcase>
<testcase name="语言切换器 - 移动端 › 移动端语言切换器应在菜单中显示" classname="language-switching.spec.ts" time="0">
<skipped>
</skipped>
</testcase>
<testcase name="语言切换器 - 移动端 › 移动端语言切换器应可点击" classname="language-switching.spec.ts" time="0">
<skipped>
</skipped>
</testcase>
<testcase name="语言切换 - 内容本地化 › 中文导航栏应显示中文文本" classname="language-switching.spec.ts" time="0">
<skipped>
</skipped>
</testcase>
<testcase name="语言切换 - 内容本地化 › 英文导航栏应显示英文文本" classname="language-switching.spec.ts" time="0">
<skipped>
</skipped>
</testcase>
<testcase name="语言切换 - 内容本地化 › 中文页面标题应包含中文" classname="language-switching.spec.ts" time="0">
<skipped>
</skipped>
</testcase>
<testcase name="语言切换 - 内容本地化 › 英文页面标题应包含英文" classname="language-switching.spec.ts" time="0">
<skipped>
</skipped>
</testcase>
<testcase name="语言切换 - 内容本地化 › 中文页面应有中文 meta description" classname="language-switching.spec.ts" time="0">
<skipped>
</skipped>
</testcase>
<testcase name="语言切换 - 内容本地化 › 英文页面应有英文 meta description" classname="language-switching.spec.ts" time="0">
<skipped>
</skipped>
</testcase>
<testcase name="语言切换 - URL 结构 › 中文 - 首页 URL 应正确" classname="language-switching.spec.ts" time="0">
<skipped>
</skipped>
</testcase>
<testcase name="语言切换 - URL 结构 › 中文 - 仪表板 URL 应正确" classname="language-switching.spec.ts" time="0">
<skipped>
</skipped>
</testcase>
<testcase name="语言切换 - URL 结构 › 中文 - 关于页面 URL 应正确" classname="language-switching.spec.ts" time="0">
<skipped>
</skipped>
</testcase>
<testcase name="语言切换 - URL 结构 › English - 首页 URL 应正确" classname="language-switching.spec.ts" time="0">
<skipped>
</skipped>
</testcase>
<testcase name="语言切换 - URL 结构 › English - 仪表板 URL 应正确" classname="language-switching.spec.ts" time="0">
<skipped>
</skipped>
</testcase>
<testcase name="语言切换 - URL 结构 › English - 关于页面 URL 应正确" classname="language-switching.spec.ts" time="0">
<skipped>
</skipped>
</testcase>
<testcase name="语言切换 - URL 结构 › 中文页面链接应保持中文路径" classname="language-switching.spec.ts" time="0">
<skipped>
</skipped>
</testcase>
<testcase name="语言切换 - URL 结构 › 英文页面链接应保持英文路径" classname="language-switching.spec.ts" time="0">
<skipped>
</skipped>
</testcase>
<testcase name="语言切换 - 持久化 › 刷新页面应保持语言" classname="language-switching.spec.ts" time="0">
<skipped>
</skipped>
</testcase>
<testcase name="语言切换 - 持久化 › 浏览器后退应保持语言" classname="language-switching.spec.ts" time="0">
<skipped>
</skipped>
</testcase>
<testcase name="语言切换 - 持久化 › 浏览器前进应保持语言" classname="language-switching.spec.ts" time="0">
<skipped>
</skipped>
</testcase>
<testcase name="语言切换 - 可访问性 › 语言切换器应有正确的 ARIA 标签" classname="language-switching.spec.ts" time="0">
<skipped>
</skipped>
</testcase>
<testcase name="语言切换 - 可访问性 › 语言切换器应有键盘支持" classname="language-switching.spec.ts" time="0">
<skipped>
</skipped>
</testcase>
<testcase name="语言切换 - 可访问性 › 语言切换器应可键盘激活" classname="language-switching.spec.ts" time="0">
<skipped>
</skipped>
</testcase>
<testcase name="语言切换 - 边界情况 › 访问不存在语言应重定向到默认语言" classname="language-switching.spec.ts" time="0">
<skipped>
</skipped>
</testcase>
<testcase name="语言切换 - 边界情况 › 直接访问带语言前缀的 URL 应正确加载" classname="language-switching.spec.ts" time="0">
<skipped>
</skipped>
</testcase>
<testcase name="语言切换 - 边界情况 › 快速切换语言不应出错" classname="language-switching.spec.ts" time="0">
<skipped>
</skipped>
</testcase>
</testsuite>
<testsuite name="login-flow-pom.spec.ts" timestamp="2026-03-28T23:20:27.296Z" hostname="chromium" tests="17" failures="0" skipped="17" time="0" errors="0">
<testcase name="Login Flow - POM › should navigate to login page from home" classname="login-flow-pom.spec.ts" time="0">
<skipped>
</skipped>
</testcase>
<testcase name="Login Flow - POM › should display all login form elements" classname="login-flow-pom.spec.ts" time="0">
<skipped>
</skipped>
</testcase>
<testcase name="Login Flow - POM › should validate email format" classname="login-flow-pom.spec.ts" time="0">
<skipped>
</skipped>
</testcase>
<testcase name="Login Flow - POM › should show error for empty fields" classname="login-flow-pom.spec.ts" time="0">
<skipped>
</skipped>
</testcase>
<testcase name="Login Flow - POM › should handle successful login and redirect to dashboard" classname="login-flow-pom.spec.ts" time="0">
<skipped>
</skipped>
</testcase>
<testcase name="Login Flow - POM › should remember me functionality" classname="login-flow-pom.spec.ts" time="0">
<skipped>
</skipped>
</testcase>
<testcase name="Login Flow - POM › should display social login options" classname="login-flow-pom.spec.ts" time="0">
<skipped>
</skipped>
</testcase>
<testcase name="Login Flow - POM › should show loading state during authentication" classname="login-flow-pom.spec.ts" time="0">
<skipped>
</skipped>
</testcase>
<testcase name="Login Flow - POM › should navigate to forgot password page" classname="login-flow-pom.spec.ts" time="0">
<skipped>
</skipped>
</testcase>
<testcase name="Login Flow - POM › should navigate to registration page" classname="login-flow-pom.spec.ts" time="0">
<skipped>
</skipped>
</testcase>
<testcase name="Session Management - POM › should persist session across page refresh" classname="login-flow-pom.spec.ts" time="0">
<skipped>
</skipped>
</testcase>
<testcase name="Session Management - POM › should clear session on logout" classname="login-flow-pom.spec.ts" time="0">
<skipped>
</skipped>
</testcase>
<testcase name="Session Management - POM › should redirect to login when accessing protected route" classname="login-flow-pom.spec.ts" time="0">
<skipped>
</skipped>
</testcase>
<testcase name="Login with Dashboard Access - POM › should login and access dashboard" classname="login-flow-pom.spec.ts" time="0">
<skipped>
</skipped>
</testcase>
<testcase name="Login with Dashboard Access - POM › should login and see dashboard elements" classname="login-flow-pom.spec.ts" time="0">
<skipped>
</skipped>
</testcase>
<testcase name="Login with Dashboard Access - POM › should login and navigate to different pages" classname="login-flow-pom.spec.ts" time="0">
<skipped>
</skipped>
</testcase>
<testcase name="Login with Dashboard Access - POM › should login and toggle theme" classname="login-flow-pom.spec.ts" time="0">
<skipped>
</skipped>
</testcase>
</testsuite>
<testsuite name="navigation-pom.spec.ts" timestamp="2026-03-28T23:20:27.296Z" hostname="chromium" tests="25" failures="0" skipped="25" time="0" errors="0">
<testcase name="Navigation Flow - POM › should navigate to home" classname="navigation-pom.spec.ts" time="0">
<skipped>
</skipped>
</testcase>
<testcase name="Navigation Flow - POM › should navigate to dashboard" classname="navigation-pom.spec.ts" time="0">
<skipped>
</skipped>
</testcase>
<testcase name="Navigation Flow - POM › should navigate to team" classname="navigation-pom.spec.ts" time="0">
<skipped>
</skipped>
</testcase>
<testcase name="Navigation Flow - POM › should navigate to about" classname="navigation-pom.spec.ts" time="0">
<skipped>
</skipped>
</testcase>
<testcase name="Navigation Flow - POM › should navigate to contact" classname="navigation-pom.spec.ts" time="0">
<skipped>
</skipped>
</testcase>
<testcase name="Navigation Flow - POM › should navigate to blog" classname="navigation-pom.spec.ts" time="0">
<skipped>
</skipped>
</testcase>
<testcase name="Navigation Flow - POM › should navigate to settings" classname="navigation-pom.spec.ts" time="0">
<skipped>
</skipped>
</testcase>
<testcase name="Navigation Flow - POM › should navigate through multiple pages" classname="navigation-pom.spec.ts" time="0">
<skipped>
</skipped>
</testcase>
<testcase name="Navigation Flow - POM › should navigate back using browser back button" classname="navigation-pom.spec.ts" time="0">
<skipped>
</skipped>
</testcase>
<testcase name="Navigation Flow - POM › should navigate forward using browser forward button" classname="navigation-pom.spec.ts" time="0">
<skipped>
</skipped>
</testcase>
<testcase name="Navigation with Theme - POM › should toggle between light and dark theme" classname="navigation-pom.spec.ts" time="0">
<skipped>
</skipped>
</testcase>
<testcase name="Navigation with Theme - POM › should set light theme explicitly" classname="navigation-pom.spec.ts" time="0">
<skipped>
</skipped>
</testcase>
<testcase name="Navigation with Theme - POM › should set dark theme explicitly" classname="navigation-pom.spec.ts" time="0">
<skipped>
</skipped>
</testcase>
<testcase name="Navigation with Theme - POM › should persist theme across page navigation" classname="navigation-pom.spec.ts" time="0">
<skipped>
</skipped>
</testcase>
<testcase name="Navigation with Language - POM › should change language" classname="navigation-pom.spec.ts" time="0">
<skipped>
</skipped>
</testcase>
<testcase name="Navigation with Language - POM › should maintain language across navigation" classname="navigation-pom.spec.ts" time="0">
<skipped>
</skipped>
</testcase>
<testcase name="Navigation with Authentication - POM › should check if user is logged in" classname="navigation-pom.spec.ts" time="0">
<skipped>
</skipped>
</testcase>
<testcase name="Navigation with Authentication - POM › should logout successfully" classname="navigation-pom.spec.ts" time="0">
<skipped>
</skipped>
</testcase>
<testcase name="Navigation with Authentication - POM › should redirect to login when accessing protected routes" classname="navigation-pom.spec.ts" time="0">
<skipped>
</skipped>
</testcase>
<testcase name="Mobile Navigation - POM › should toggle mobile menu" classname="navigation-pom.spec.ts" time="0">
<skipped>
</skipped>
</testcase>
<testcase name="Mobile Navigation - POM › should navigate using mobile menu" classname="navigation-pom.spec.ts" time="0">
<skipped>
</skipped>
</testcase>
<testcase name="Mobile Navigation - POM › should maintain responsive layout on different screen sizes" classname="navigation-pom.spec.ts" time="0">
<skipped>
</skipped>
</testcase>
<testcase name="Navigation Accessibility - POM › should navigate using keyboard" classname="navigation-pom.spec.ts" time="0">
<skipped>
</skipped>
</testcase>
<testcase name="Navigation Accessibility - POM › should have accessible navigation links" classname="navigation-pom.spec.ts" time="0">
<skipped>
</skipped>
</testcase>
<testcase name="Navigation Accessibility - POM › should have accessible theme toggle" classname="navigation-pom.spec.ts" time="0">
<skipped>
</skipped>
</testcase>
</testsuite>
<testsuite name="navigation.spec.ts" timestamp="2026-03-28T23:20:27.296Z" hostname="chromium" tests="27" failures="0" skipped="27" time="0" errors="0">
<testcase name="导航菜单 - 基础功能 › 导航栏应正确显示" classname="navigation.spec.ts" time="0">
<skipped>
</skipped>
</testcase>
<testcase name="导航菜单 - 基础功能 › 导航链接应可以点击" classname="navigation.spec.ts" time="0">
<skipped>
</skipped>
</testcase>
<testcase name="导航菜单 - 基础功能 › 导航栏应固定在页面顶部" classname="navigation.spec.ts" time="0">
<skipped>
</skipped>
</testcase>
<testcase name="导航菜单 - 桌面端 › 桌面导航链接应显示所有主要页面" classname="navigation.spec.ts" time="0">
<skipped>
</skipped>
</testcase>
<testcase name="导航菜单 - 桌面端 › 导航链接应有悬停效果" classname="navigation.spec.ts" time="0">
<skipped>
</skipped>
</testcase>
<testcase name="导航菜单 - 桌面端 › 点击首页链接应导航到首页" classname="navigation.spec.ts" time="0">
<skipped>
</skipped>
</testcase>
<testcase name="导航菜单 - 桌面端 › 点击仪表板链接应导航到仪表板" classname="navigation.spec.ts" time="0">
<skipped>
</skipped>
</testcase>
<testcase name="导航菜单 - 桌面端 › 导航应显示当前活动页面" classname="navigation.spec.ts" time="0">
<skipped>
</skipped>
</testcase>
<testcase name="导航菜单 - 移动端 › 移动端应显示汉堡菜单按钮" classname="navigation.spec.ts" time="0">
<skipped>
</skipped>
</testcase>
<testcase name="导航菜单 - 移动端 › 点击汉堡菜单按钮应打开菜单" classname="navigation.spec.ts" time="0">
<skipped>
</skipped>
</testcase>
<testcase name="导航菜单 - 移动端 › 打开的菜单应显示导航链接" classname="navigation.spec.ts" time="0">
<skipped>
</skipped>
</testcase>
<testcase name="导航菜单 - 移动端 › 点击导航链接应关闭菜单并导航" classname="navigation.spec.ts" time="0">
<skipped>
</skipped>
</testcase>
<testcase name="导航菜单 - 移动端 › 点击遮罩应关闭菜单" classname="navigation.spec.ts" time="0">
<skipped>
</skipped>
</testcase>
<testcase name="导航菜单 - 移动端 › 按 ESC 键应关闭菜单" classname="navigation.spec.ts" time="0">
<skipped>
</skipped>
</testcase>
<testcase name="导航菜单 - 移动端 › 移动端菜单应显示语言切换器" classname="navigation.spec.ts" time="0">
<skipped>
</skipped>
</testcase>
<testcase name="导航菜单 - 移动端 › 移动端菜单应显示主题切换器" classname="navigation.spec.ts" time="0">
<skipped>
</skipped>
</testcase>
<testcase name="导航菜单 - 移动端 › 移动端菜单应可滚动" classname="navigation.spec.ts" time="0">
<skipped>
</skipped>
</testcase>
<testcase name="导航菜单 - 页面跳转 › 应能导航到仪表板页面" classname="navigation.spec.ts" time="0">
<skipped>
</skipped>
</testcase>
<testcase name="导航菜单 - 页面跳转 › 应能导航到关于页面" classname="navigation.spec.ts" time="0">
<skipped>
</skipped>
</testcase>
<testcase name="导航菜单 - 页面跳转 › 应能导航到团队页面" classname="navigation.spec.ts" time="0">
<skipped>
</skipped>
</testcase>
<testcase name="导航菜单 - 页面跳转 › 应能导航到联系页面" classname="navigation.spec.ts" time="0">
<skipped>
</skipped>
</testcase>
<testcase name="导航菜单 - 浏览器历史 › 浏览器后退应正常工作" classname="navigation.spec.ts" time="0">
<skipped>
</skipped>
</testcase>
<testcase name="导航菜单 - 浏览器历史 › 浏览器前进应正常工作" classname="navigation.spec.ts" time="0">
<skipped>
</skipped>
</testcase>
<testcase name="导航菜单 - 浏览器历史 › 刷新页面应保持当前页面" classname="navigation.spec.ts" time="0">
<skipped>
</skipped>
</testcase>
<testcase name="导航菜单 - 可访问性 › 导航链接应有正确的 ARIA 标签" classname="navigation.spec.ts" time="0">
<skipped>
</skipped>
</testcase>
<testcase name="导航菜单 - 可访问性 › 移动端菜单按钮应有正确的 ARIA 标签" classname="navigation.spec.ts" time="0">
<skipped>
</skipped>
</testcase>
<testcase name="导航菜单 - 可访问性 › 导航应支持键盘导航" classname="navigation.spec.ts" time="0">
<skipped>
</skipped>
</testcase>
</testsuite>
<testsuite name="notifications.spec.ts" timestamp="2026-03-28T23:20:27.296Z" hostname="chromium" tests="30" failures="0" skipped="30" time="0" errors="0">
<testcase name="In-App Notifications › should display notification bell icon" classname="notifications.spec.ts" time="0">
<skipped>
</skipped>
</testcase>
<testcase name="In-App Notifications › should show notification badge when there are unread" classname="notifications.spec.ts" time="0">
<skipped>
</skipped>
</testcase>
<testcase name="In-App Notifications › should open notification dropdown" classname="notifications.spec.ts" time="0">
<skipped>
</skipped>
</testcase>
<testcase name="In-App Notifications › should display notification items" classname="notifications.spec.ts" time="0">
<skipped>
</skipped>
</testcase>
<testcase name="In-App Notifications › should mark notification as read" classname="notifications.spec.ts" time="0">
<skipped>
</skipped>
</testcase>
<testcase name="In-App Notifications › should mark all notifications as read" classname="notifications.spec.ts" time="0">
<skipped>
</skipped>
</testcase>
<testcase name="In-App Notifications › should delete notification" classname="notifications.spec.ts" time="0">
<skipped>
</skipped>
</testcase>
<testcase name="In-App Notifications › should clear all notifications" classname="notifications.spec.ts" time="0">
<skipped>
</skipped>
</testcase>
<testcase name="In-App Notifications › should navigate to notifications page" classname="notifications.spec.ts" time="0">
<skipped>
</skipped>
</testcase>
<testcase name="In-App Notifications › should filter notifications by type" classname="notifications.spec.ts" time="0">
<skipped>
</skipped>
</testcase>
<testcase name="In-App Notifications › should search notifications" classname="notifications.spec.ts" time="0">
<skipped>
</skipped>
</testcase>
<testcase name="Toast Notifications › should show success toast" classname="notifications.spec.ts" time="0">
<skipped>
</skipped>
</testcase>
<testcase name="Toast Notifications › should show error toast" classname="notifications.spec.ts" time="0">
<skipped>
</skipped>
</testcase>
<testcase name="Toast Notifications › should show warning toast" classname="notifications.spec.ts" time="0">
<skipped>
</skipped>
</testcase>
<testcase name="Toast Notifications › should auto-dismiss toast" classname="notifications.spec.ts" time="0">
<skipped>
</skipped>
</testcase>
<testcase name="Toast Notifications › should allow manual toast dismissal" classname="notifications.spec.ts" time="0">
<skipped>
</skipped>
</testcase>
<testcase name="Toast Notifications › should show multiple toasts in sequence" classname="notifications.spec.ts" time="0">
<skipped>
</skipped>
</testcase>
<testcase name="Toast Notifications › should stack multiple toasts" classname="notifications.spec.ts" time="0">
<skipped>
</skipped>
</testcase>
<testcase name="Alert System › should display system alerts" classname="notifications.spec.ts" time="0">
<skipped>
</skipped>
</testcase>
<testcase name="Alert System › should show confirmation dialog" classname="notifications.spec.ts" time="0">
<skipped>
</skipped>
</testcase>
<testcase name="Alert System › should show warning for destructive actions" classname="notifications.spec.ts" time="0">
<skipped>
</skipped>
</testcase>
<testcase name="Notification Preferences › should navigate to notification settings" classname="notifications.spec.ts" time="0">
<skipped>
</skipped>
</testcase>
<testcase name="Notification Preferences › should toggle email notifications" classname="notifications.spec.ts" time="0">
<skipped>
</skipped>
</testcase>
<testcase name="Notification Preferences › should toggle push notifications" classname="notifications.spec.ts" time="0">
<skipped>
</skipped>
</testcase>
<testcase name="Notification Preferences › should configure notification frequency" classname="notifications.spec.ts" time="0">
<skipped>
</skipped>
</testcase>
<testcase name="Notification Preferences › should configure notification types" classname="notifications.spec.ts" time="0">
<skipped>
</skipped>
</testcase>
<testcase name="Notification Preferences › should set quiet hours" classname="notifications.spec.ts" time="0">
<skipped>
</skipped>
</testcase>
<testcase name="Notification Accessibility › should have proper ARIA roles for notifications" classname="notifications.spec.ts" time="0">
<skipped>
</skipped>
</testcase>
<testcase name="Notification Accessibility › should announce notifications to screen readers" classname="notifications.spec.ts" time="0">
<skipped>
</skipped>
</testcase>
<testcase name="Notification Accessibility › should support keyboard navigation in notifications" classname="notifications.spec.ts" time="0">
<skipped>
</skipped>
</testcase>
</testsuite>
<testsuite name="pages.spec.ts" timestamp="2026-03-28T23:20:27.296Z" hostname="chromium" tests="37" failures="0" skipped="37" time="0" errors="0">
<testcase name="页面导航测试 › 首页应该正确加载" classname="pages.spec.ts" time="0">
<skipped>
</skipped>
</testcase>
<testcase name="页面导航测试 › 关于页面应该正确加载" classname="pages.spec.ts" time="0">
<skipped>
</skipped>
</testcase>
<testcase name="页面导航测试 › 团队页面应该正确加载" classname="pages.spec.ts" time="0">
<skipped>
</skipped>
</testcase>
<testcase name="页面导航测试 › 博客页面应该正确加载" classname="pages.spec.ts" time="0">
<skipped>
</skipped>
</testcase>
<testcase name="页面导航测试 › 联系页面应该正确加载" classname="pages.spec.ts" time="0">
<skipped>
</skipped>
</testcase>
<testcase name="页面导航测试 › Dashboard 页面应该正确加载" classname="pages.spec.ts" time="0">
<skipped>
</skipped>
</testcase>
<testcase name="导航栏功能测试 › 导航栏应该在所有页面固定显示" classname="pages.spec.ts" time="0">
<skipped>
</skipped>
</testcase>
<testcase name="导航栏功能测试 › 点击 Logo 应该返回首页" classname="pages.spec.ts" time="0">
<skipped>
</skipped>
</testcase>
<testcase name="导航栏功能测试 › 所有导航链接应该可以点击" classname="pages.spec.ts" time="0">
<skipped>
</skipped>
</testcase>
<testcase name="页面间导航测试 › 首页 -&gt; 关于页面导航" classname="pages.spec.ts" time="0">
<skipped>
</skipped>
</testcase>
<testcase name="页面间导航测试 › 首页 -&gt; 团队页面导航" classname="pages.spec.ts" time="0">
<skipped>
</skipped>
</testcase>
<testcase name="页面间导航测试 › 首页 -&gt; 博客页面导航" classname="pages.spec.ts" time="0">
<skipped>
</skipped>
</testcase>
<testcase name="页面间导航测试 › 首页 -&gt; 联系页面导航" classname="pages.spec.ts" time="0">
<skipped>
</skipped>
</testcase>
<testcase name="页面间导航测试 › 首页 -&gt; Dashboard 导航" classname="pages.spec.ts" time="0">
<skipped>
</skipped>
</testcase>
<testcase name="浏览器导航测试 › 浏览器后退按钮" classname="pages.spec.ts" time="0">
<skipped>
</skipped>
</testcase>
<testcase name="浏览器导航测试 › 浏览器前进按钮" classname="pages.spec.ts" time="0">
<skipped>
</skipped>
</testcase>
<testcase name="浏览器导航测试 › 页面刷新" classname="pages.spec.ts" time="0">
<skipped>
</skipped>
</testcase>
<testcase name="404 页面测试 › 访问不存在的页面应该显示 404" classname="pages.spec.ts" time="0">
<skipped>
</skipped>
</testcase>
<testcase name="404 页面测试 › 404 页面应该有返回首页链接" classname="pages.spec.ts" time="0">
<skipped>
</skipped>
</testcase>
<testcase name="语言/地区导航测试 › 语言切换功能" classname="pages.spec.ts" time="0">
<skipped>
</skipped>
</testcase>
<testcase name="语言/地区导航测试 › URL 语言前缀" classname="pages.spec.ts" time="0">
<skipped>
</skipped>
</testcase>
<testcase name="页面加载性能测试 › 首页应该在合理时间内加载" classname="pages.spec.ts" time="0">
<skipped>
</skipped>
</testcase>
<testcase name="页面加载性能测试 › 关于页面应该在合理时间内加载" classname="pages.spec.ts" time="0">
<skipped>
</skipped>
</testcase>
<testcase name="页面加载性能测试 › 团队页面应该在合理时间内加载" classname="pages.spec.ts" time="0">
<skipped>
</skipped>
</testcase>
<testcase name="页面加载性能测试 › 博客页面应该在合理时间内加载" classname="pages.spec.ts" time="0">
<skipped>
</skipped>
</testcase>
<testcase name="页面加载性能测试 › 联系页面应该在合理时间内加载" classname="pages.spec.ts" time="0">
<skipped>
</skipped>
</testcase>
<testcase name="页面加载性能测试 › Dashboard 页面应该在合理时间内加载" classname="pages.spec.ts" time="0">
<skipped>
</skipped>
</testcase>
<testcase name="链接完整性测试 › 所有内部链接应该有效" classname="pages.spec.ts" time="0">
<skipped>
</skipped>
</testcase>
<testcase name="页脚导航测试 › 页脚应该显示" classname="pages.spec.ts" time="0">
<skipped>
</skipped>
</testcase>
<testcase name="页脚导航测试 › 页脚应该包含版权信息" classname="pages.spec.ts" time="0">
<skipped>
</skipped>
</testcase>
<testcase name="页脚导航测试 › 页脚导航链接应该可用" classname="pages.spec.ts" time="0">
<skipped>
</skipped>
</testcase>
<testcase name="SEO 元素测试 › 首页应该有正确的 SEO 元素" classname="pages.spec.ts" time="0">
<skipped>
</skipped>
</testcase>
<testcase name="SEO 元素测试 › 关于页面应该有正确的 SEO 元素" classname="pages.spec.ts" time="0">
<skipped>
</skipped>
</testcase>
<testcase name="SEO 元素测试 › 团队页面应该有正确的 SEO 元素" classname="pages.spec.ts" time="0">
<skipped>
</skipped>
</testcase>
<testcase name="SEO 元素测试 › 博客页面应该有正确的 SEO 元素" classname="pages.spec.ts" time="0">
<skipped>
</skipped>
</testcase>
<testcase name="SEO 元素测试 › 联系页面应该有正确的 SEO 元素" classname="pages.spec.ts" time="0">
<skipped>
</skipped>
</testcase>
<testcase name="SEO 元素测试 › Dashboard 页面应该有正确的 SEO 元素" classname="pages.spec.ts" time="0">
<skipped>
</skipped>
</testcase>
</testsuite>
<testsuite name="permissions-errors.spec.ts" timestamp="2026-03-28T23:20:27.296Z" hostname="chromium" tests="25" failures="0" skipped="25" time="0" errors="0">
<testcase name="Permission Verification › should restrict access to protected routes without authentication" classname="permissions-errors.spec.ts" time="0">
<skipped>
</skipped>
</testcase>
<testcase name="Permission Verification › should allow access to public pages" classname="permissions-errors.spec.ts" time="0">
<skipped>
</skipped>
</testcase>
<testcase name="Permission Verification › should check user permissions on dashboard" classname="permissions-errors.spec.ts" time="0">
<skipped>
</skipped>
</testcase>
<testcase name="Permission Verification › should restrict admin-only routes" classname="permissions-errors.spec.ts" time="0">
<skipped>
</skipped>
</testcase>
<testcase name="Permission Verification › should hide admin controls for non-admin users" classname="permissions-errors.spec.ts" time="0">
<skipped>
</skipped>
</testcase>
<testcase name="Permission Verification › should check team member permissions" classname="permissions-errors.spec.ts" time="0">
<skipped>
</skipped>
</testcase>
<testcase name="Error Handling › should handle 404 page not found" classname="permissions-errors.spec.ts" time="0">
<skipped>
</skipped>
</testcase>
<testcase name="Error Handling › should handle 500 internal server errors gracefully" classname="permissions-errors.spec.ts" time="0">
<skipped>
</skipped>
</testcase>
<testcase name="Error Handling › should handle network errors" classname="permissions-errors.spec.ts" time="0">
<skipped>
</skipped>
</testcase>
<testcase name="Error Handling › should handle API timeout" classname="permissions-errors.spec.ts" time="0">
<skipped>
</skipped>
</testcase>
<testcase name="Error Handling › should handle form validation errors" classname="permissions-errors.spec.ts" time="0">
<skipped>
</skipped>
</testcase>
<testcase name="Error Handling › should handle CORS errors gracefully" classname="permissions-errors.spec.ts" time="0">
<skipped>
</skipped>
</testcase>
<testcase name="Error Handling › should show error boundary on component errors" classname="permissions-errors.spec.ts" time="0">
<skipped>
</skipped>
</testcase>
<testcase name="Error Recovery › should retry failed requests" classname="permissions-errors.spec.ts" time="0">
<skipped>
</skipped>
</testcase>
<testcase name="Error Recovery › should allow users to report errors" classname="permissions-errors.spec.ts" time="0">
<skipped>
</skipped>
</testcase>
<testcase name="Error Recovery › should maintain user session during errors" classname="permissions-errors.spec.ts" time="0">
<skipped>
</skipped>
</testcase>
<testcase name="Error Recovery › should allow navigation from error pages" classname="permissions-errors.spec.ts" time="0">
<skipped>
</skipped>
</testcase>
<testcase name="Security Headers › should include security headers" classname="permissions-errors.spec.ts" time="0">
<skipped>
</skipped>
</testcase>
<testcase name="Security Headers › should protect against XSS" classname="permissions-errors.spec.ts" time="0">
<skipped>
</skipped>
</testcase>
<testcase name="Loading States › should show loading indicator during data fetch" classname="permissions-errors.spec.ts" time="0">
<skipped>
</skipped>
</testcase>
<testcase name="Loading States › should show empty state when no data" classname="permissions-errors.spec.ts" time="0">
<skipped>
</skipped>
</testcase>
<testcase name="Loading States › should show error state on fetch failure" classname="permissions-errors.spec.ts" time="0">
<skipped>
</skipped>
</testcase>
<testcase name="Accessibility › should announce errors to screen readers" classname="permissions-errors.spec.ts" time="0">
<skipped>
</skipped>
</testcase>
<testcase name="Accessibility › should have keyboard accessible error pages" classname="permissions-errors.spec.ts" time="0">
<skipped>
</skipped>
</testcase>
<testcase name="Accessibility › should provide clear error messages" classname="permissions-errors.spec.ts" time="0">
<skipped>
</skipped>
</testcase>
</testsuite>
<testsuite name="permissions-roles.spec.ts" timestamp="2026-03-28T23:20:27.296Z" hostname="chromium" tests="26" failures="0" skipped="26" time="0" errors="0">
<testcase name="Role-Based Access Control › Admin Role › should allow admin to access all pages" classname="permissions-roles.spec.ts" time="0">
<skipped>
</skipped>
</testcase>
<testcase name="Role-Based Access Control › Admin Role › should allow admin to manage users" classname="permissions-roles.spec.ts" time="0">
<skipped>
</skipped>
</testcase>
<testcase name="Role-Based Access Control › Admin Role › should allow admin to manage roles" classname="permissions-roles.spec.ts" time="0">
<skipped>
</skipped>
</testcase>
<testcase name="Role-Based Access Control › Admin Role › should allow admin to view system analytics" classname="permissions-roles.spec.ts" time="0">
<skipped>
</skipped>
</testcase>
<testcase name="Role-Based Access Control › Admin Role › should allow admin to modify system settings" classname="permissions-roles.spec.ts" time="0">
<skipped>
</skipped>
</testcase>
<testcase name="Role-Based Access Control › User Role › should allow user to access allowed pages" classname="permissions-roles.spec.ts" time="0">
<skipped>
</skipped>
</testcase>
<testcase name="Role-Based Access Control › User Role › should deny user access to admin pages" classname="permissions-roles.spec.ts" time="0">
<skipped>
</skipped>
</testcase>
<testcase name="Role-Based Access Control › User Role › should restrict user from managing other users" classname="permissions-roles.spec.ts" time="0">
<skipped>
</skipped>
</testcase>
<testcase name="Role-Based Access Control › User Role › should allow user to manage own settings" classname="permissions-roles.spec.ts" time="0">
<skipped>
</skipped>
</testcase>
<testcase name="Role-Based Access Control › User Role › should show user-appropriate navigation" classname="permissions-roles.spec.ts" time="0">
<skipped>
</skipped>
</testcase>
<testcase name="Permission Management › should list all permissions" classname="permissions-roles.spec.ts" time="0">
<skipped>
</skipped>
</testcase>
<testcase name="Permission Management › should filter permissions by resource" classname="permissions-roles.spec.ts" time="0">
<skipped>
</skipped>
</testcase>
<testcase name="Permission Management › should search permissions by name" classname="permissions-roles.spec.ts" time="0">
<skipped>
</skipped>
</testcase>
<testcase name="Permission Management › should create new permission" classname="permissions-roles.spec.ts" time="0">
<skipped>
</skipped>
</testcase>
<testcase name="Permission Management › should assign permission to role" classname="permissions-roles.spec.ts" time="0">
<skipped>
</skipped>
</testcase>
<testcase name="Permission Management › should revoke permission from role" classname="permissions-roles.spec.ts" time="0">
<skipped>
</skipped>
</testcase>
<testcase name="Role Management › should list all roles" classname="permissions-roles.spec.ts" time="0">
<skipped>
</skipped>
</testcase>
<testcase name="Role Management › should create new role" classname="permissions-roles.spec.ts" time="0">
<skipped>
</skipped>
</testcase>
<testcase name="Role Management › should edit existing role" classname="permissions-roles.spec.ts" time="0">
<skipped>
</skipped>
</testcase>
<testcase name="Role Management › should delete role" classname="permissions-roles.spec.ts" time="0">
<skipped>
</skipped>
</testcase>
<testcase name="Role Management › should prevent deletion of default roles" classname="permissions-roles.spec.ts" time="0">
<skipped>
</skipped>
</testcase>
<testcase name="Role Management › should assign role to user" classname="permissions-roles.spec.ts" time="0">
<skipped>
</skipped>
</testcase>
<testcase name="Role Management › should show role permissions" classname="permissions-roles.spec.ts" time="0">
<skipped>
</skipped>
</testcase>
<testcase name="Permission Edge Cases › should handle concurrent permission changes" classname="permissions-roles.spec.ts" time="0">
<skipped>
</skipped>
</testcase>
<testcase name="Permission Edge Cases › should handle permission hierarchy" classname="permissions-roles.spec.ts" time="0">
<skipped>
</skipped>
</testcase>
<testcase name="Permission Edge Cases › should cascade role changes to users" classname="permissions-roles.spec.ts" time="0">
<skipped>
</skipped>
</testcase>
</testsuite>
<testsuite name="project-management.spec.ts" timestamp="2026-03-28T23:20:27.296Z" hostname="chromium" tests="10" failures="0" skipped="10" time="0" errors="0">
<testcase name="Project Management › should display projects list" classname="project-management.spec.ts" time="0">
<skipped>
</skipped>
</testcase>
<testcase name="Project Management › should navigate to create project page" classname="project-management.spec.ts" time="0">
<skipped>
</skipped>
</testcase>
<testcase name="Project Management › should create a new project" classname="project-management.spec.ts" time="0">
<skipped>
</skipped>
</testcase>
<testcase name="Project Management › should validate required project fields" classname="project-management.spec.ts" time="0">
<skipped>
</skipped>
</testcase>
<testcase name="Project Management › should edit an existing project" classname="project-management.spec.ts" time="0">
<skipped>
</skipped>
</testcase>
<testcase name="Project Management › should delete a project" classname="project-management.spec.ts" time="0">
<skipped>
</skipped>
</testcase>
<testcase name="Project Management › should search projects" classname="project-management.spec.ts" time="0">
<skipped>
</skipped>
</testcase>
<testcase name="Project Management › should filter projects by status" classname="project-management.spec.ts" time="0">
<skipped>
</skipped>
</testcase>
<testcase name="Project Management › should assign team members to project" classname="project-management.spec.ts" time="0">
<skipped>
</skipped>
</testcase>
<testcase name="Project Management › should view project analytics" classname="project-management.spec.ts" time="0">
<skipped>
</skipped>
</testcase>
</testsuite>
<testsuite name="responsive.spec.ts" timestamp="2026-03-28T23:20:27.296Z" hostname="chromium" tests="21" failures="0" skipped="21" time="0" errors="0">
<testcase name="移动端响应式测试 › 移动端首页布局" classname="responsive.spec.ts" time="0">
<skipped>
</skipped>
</testcase>
<testcase name="移动端响应式测试 › 移动端联系表单布局" classname="responsive.spec.ts" time="0">
<skipped>
</skipped>
</testcase>
<testcase name="移动端响应式测试 › 移动端团队页面布局" classname="responsive.spec.ts" time="0">
<skipped>
</skipped>
</testcase>
<testcase name="移动端响应式测试 › 移动端博客页面布局" classname="responsive.spec.ts" time="0">
<skipped>
</skipped>
</testcase>
<testcase name="移动端响应式测试 › 移动端导航菜单交互" classname="responsive.spec.ts" time="0">
<skipped>
</skipped>
</testcase>
<testcase name="移动端响应式测试 › 移动端滚动性能" classname="responsive.spec.ts" time="0">
<skipped>
</skipped>
</testcase>
<testcase name="平板端响应式测试 › 平板端首页布局" classname="responsive.spec.ts" time="0">
<skipped>
</skipped>
</testcase>
<testcase name="平板端响应式测试 › 平板端联系页面布局" classname="responsive.spec.ts" time="0">
<skipped>
</skipped>
</testcase>
<testcase name="平板端响应式测试 › 平板端团队页面网格" classname="responsive.spec.ts" time="0">
<skipped>
</skipped>
</testcase>
<testcase name="桌面端响应式测试 › 桌面端首页布局" classname="responsive.spec.ts" time="0">
<skipped>
</skipped>
</testcase>
<testcase name="桌面端响应式测试 › 桌面端联系页面两栏布局" classname="responsive.spec.ts" time="0">
<skipped>
</skipped>
</testcase>
<testcase name="桌面端响应式测试 › 桌面端团队页面多列布局" classname="responsive.spec.ts" time="0">
<skipped>
</skipped>
</testcase>
<testcase name="桌面端响应式测试 › 桌面端博客页面布局" classname="responsive.spec.ts" time="0">
<skipped>
</skipped>
</testcase>
<testcase name="桌面端响应式测试 › 桌面端悬停效果" classname="responsive.spec.ts" time="0">
<skipped>
</skipped>
</testcase>
<testcase name="大屏幕响应式测试 › 大屏幕首页布局" classname="responsive.spec.ts" time="0">
<skipped>
</skipped>
</testcase>
<testcase name="大屏幕响应式测试 › 大屏幕内容居中" classname="responsive.spec.ts" time="0">
<skipped>
</skipped>
</testcase>
<testcase name="横屏模式测试 › 横屏模式首页" classname="responsive.spec.ts" time="0">
<skipped>
</skipped>
</testcase>
<testcase name="横屏模式测试 › 横屏模式联系表单" classname="responsive.spec.ts" time="0">
<skipped>
</skipped>
</testcase>
<testcase name="响应式图片测试 › 图片应该适应容器宽度" classname="responsive.spec.ts" time="0">
<skipped>
</skipped>
</testcase>
<testcase name="断点切换测试 › 从移动端切换到桌面端布局" classname="responsive.spec.ts" time="0">
<skipped>
</skipped>
</testcase>
<testcase name="断点切换测试 › 从桌面端切换到移动端布局" classname="responsive.spec.ts" time="0">
<skipped>
</skipped>
</testcase>
</testsuite>
<testsuite name="task-creation-pom.spec.ts" timestamp="2026-03-28T23:20:27.296Z" hostname="chromium" tests="19" failures="0" skipped="19" time="0" errors="0">
<testcase name="Task Creation Flow - POM › should display create task button" classname="task-creation-pom.spec.ts" time="0">
<skipped>
</skipped>
</testcase>
<testcase name="Task Creation Flow - POM › should open task creation modal" classname="task-creation-pom.spec.ts" time="0">
<skipped>
</skipped>
</testcase>
<testcase name="Task Creation Flow - POM › should validate task title field" classname="task-creation-pom.spec.ts" time="0">
<skipped>
</skipped>
</testcase>
<testcase name="Task Creation Flow - POM › should create a new task with title only" classname="task-creation-pom.spec.ts" time="0">
<skipped>
</skipped>
</testcase>
<testcase name="Task Creation Flow - POM › should create a new task with full details" classname="task-creation-pom.spec.ts" time="0">
<skipped>
</skipped>
</testcase>
<testcase name="Task Creation Flow - POM › should set task priority" classname="task-creation-pom.spec.ts" time="0">
<skipped>
</skipped>
</testcase>
<testcase name="Task Creation Flow - POM › should assign task to team member" classname="task-creation-pom.spec.ts" time="0">
<skipped>
</skipped>
</testcase>
<testcase name="Task Creation Flow - POM › should set task due date" classname="task-creation-pom.spec.ts" time="0">
<skipped>
</skipped>
</testcase>
<testcase name="Task Creation Flow - POM › should cancel task creation" classname="task-creation-pom.spec.ts" time="0">
<skipped>
</skipped>
</testcase>
<testcase name="Task Creation Flow - POM › should create multiple tasks in succession" classname="task-creation-pom.spec.ts" time="0">
<skipped>
</skipped>
</testcase>
<testcase name="Task Management - POM › should display existing tasks" classname="task-creation-pom.spec.ts" time="0">
<skipped>
</skipped>
</testcase>
<testcase name="Task Management - POM › should search for tasks" classname="task-creation-pom.spec.ts" time="0">
<skipped>
</skipped>
</testcase>
<testcase name="Task Management - POM › should filter tasks by status" classname="task-creation-pom.spec.ts" time="0">
<skipped>
</skipped>
</testcase>
<testcase name="Task Management - POM › should refresh dashboard" classname="task-creation-pom.spec.ts" time="0">
<skipped>
</skipped>
</testcase>
<testcase name="Task Management - POM › should display task statistics" classname="task-creation-pom.spec.ts" time="0">
<skipped>
</skipped>
</testcase>
<testcase name="Task Management - POM › should export tasks" classname="task-creation-pom.spec.ts" time="0">
<skipped>
</skipped>
</testcase>
<testcase name="Task Creation - End-to-End Scenarios › should create high priority task with due date" classname="task-creation-pom.spec.ts" time="0">
<skipped>
</skipped>
</testcase>
<testcase name="Task Creation - End-to-End Scenarios › should create low priority task with assignee" classname="task-creation-pom.spec.ts" time="0">
<skipped>
</skipped>
</testcase>
<testcase name="Task Creation - End-to-End Scenarios › should handle task creation with special characters in title" classname="task-creation-pom.spec.ts" time="0">
<skipped>
</skipped>
</testcase>
</testsuite>
<testsuite name="task-creation.spec.ts" timestamp="2026-03-28T23:20:27.296Z" hostname="chromium" tests="24" failures="0" skipped="24" time="0" errors="0">
<testcase name="Task Creation Flow › should navigate to dashboard" classname="task-creation.spec.ts" time="0">
<skipped>
</skipped>
</testcase>
<testcase name="Task Creation Flow › should display task creation interface" classname="task-creation.spec.ts" time="0">
<skipped>
</skipped>
</testcase>
<testcase name="Task Creation Flow › should open task creation modal" classname="task-creation.spec.ts" time="0">
<skipped>
</skipped>
</testcase>
<testcase name="Task Creation Flow › should validate task title field" classname="task-creation.spec.ts" time="0">
<skipped>
</skipped>
</testcase>
<testcase name="Task Creation Flow › should create a new task successfully" classname="task-creation.spec.ts" time="0">
<skipped>
</skipped>
</testcase>
<testcase name="Task Creation Flow › should set task priority" classname="task-creation.spec.ts" time="0">
<skipped>
</skipped>
</testcase>
<testcase name="Task Creation Flow › should assign task to team member" classname="task-creation.spec.ts" time="0">
<skipped>
</skipped>
</testcase>
<testcase name="Task Creation Flow › should set task due date" classname="task-creation.spec.ts" time="0">
<skipped>
</skipped>
</testcase>
<testcase name="Task Creation Flow › should cancel task creation" classname="task-creation.spec.ts" time="0">
<skipped>
</skipped>
</testcase>
<testcase name="Task Management › should display existing tasks" classname="task-creation.spec.ts" time="0">
<skipped>
</skipped>
</testcase>
<testcase name="Task Management › should filter tasks by status" classname="task-creation.spec.ts" time="0">
<skipped>
</skipped>
</testcase>
<testcase name="Task Management › should search for tasks" classname="task-creation.spec.ts" time="0">
<skipped>
</skipped>
</testcase>
<testcase name="Task Management › should view task details" classname="task-creation.spec.ts" time="0">
<skipped>
</skipped>
</testcase>
<testcase name="Task Management › should edit existing task" classname="task-creation.spec.ts" time="0">
<skipped>
</skipped>
</testcase>
<testcase name="Task Management › should delete task" classname="task-creation.spec.ts" time="0">
<skipped>
</skipped>
</testcase>
<testcase name="Task Management › should change task status" classname="task-creation.spec.ts" time="0">
<skipped>
</skipped>
</testcase>
<testcase name="Task Management › should add comments to task" classname="task-creation.spec.ts" time="0">
<skipped>
</skipped>
</testcase>
<testcase name="Dashboard Features › should display task statistics" classname="task-creation.spec.ts" time="0">
<skipped>
</skipped>
</testcase>
<testcase name="Dashboard Features › should display task progress chart" classname="task-creation.spec.ts" time="0">
<skipped>
</skipped>
</testcase>
<testcase name="Dashboard Features › should display team activity feed" classname="task-creation.spec.ts" time="0">
<skipped>
</skipped>
</testcase>
<testcase name="Dashboard Features › should export tasks" classname="task-creation.spec.ts" time="0">
<skipped>
</skipped>
</testcase>
<testcase name="Accessibility › should have keyboard navigation support" classname="task-creation.spec.ts" time="0">
<skipped>
</skipped>
</testcase>
<testcase name="Accessibility › should have proper ARIA labels" classname="task-creation.spec.ts" time="0">
<skipped>
</skipped>
</testcase>
<testcase name="Accessibility › should support screen readers" classname="task-creation.spec.ts" time="0">
<skipped>
</skipped>
</testcase>
</testsuite>
<testsuite name="team.spec.ts" timestamp="2026-03-28T23:20:27.296Z" hostname="chromium" tests="27" failures="0" skipped="27" time="0" errors="0">
<testcase name="团队页面 - 基础测试 › 团队页面应该正确加载" classname="team.spec.ts" time="0">
<skipped>
</skipped>
</testcase>
<testcase name="团队页面 - 基础测试 › 页面应该显示团队标题" classname="team.spec.ts" time="0">
<skipped>
</skipped>
</testcase>
<testcase name="团队页面 - 基础测试 › 页面应该显示 AI 团队成员" classname="team.spec.ts" time="0">
<skipped>
</skipped>
</testcase>
<testcase name="团队页面 - 基础测试 › 成员卡片应该包含必要信息" classname="team.spec.ts" time="0">
<skipped>
</skipped>
</testcase>
<testcase name="团队页面 - 基础测试 › 页面应该包含页脚" classname="team.spec.ts" time="0">
<skipped>
</skipped>
</testcase>
<testcase name="团队页面 - 成员展示测试 › 成员卡片应该有头像或图标" classname="team.spec.ts" time="0">
<skipped>
</skipped>
</testcase>
<testcase name="团队页面 - 成员展示测试 › 成员卡片应该显示角色/职责" classname="team.spec.ts" time="0">
<skipped>
</skipped>
</testcase>
<testcase name="团队页面 - 成员展示测试 › 成员卡片应该显示提供商信息" classname="team.spec.ts" time="0">
<skipped>
</skipped>
</testcase>
<testcase name="团队页面 - 成员展示测试 › 成员卡片应该有正确的布局" classname="team.spec.ts" time="0">
<skipped>
</skipped>
</testcase>
<testcase name="团队页面 - 交互测试 › 成员卡片应该支持悬停效果" classname="team.spec.ts" time="0">
<skipped>
</skipped>
</testcase>
<testcase name="团队页面 - 交互测试 › 点击成员卡片可能显示详情" classname="team.spec.ts" time="0">
<skipped>
</skipped>
</testcase>
<testcase name="团队页面 - 交互测试 › 页面应该支持滚动查看所有成员" classname="team.spec.ts" time="0">
<skipped>
</skipped>
</testcase>
<testcase name="团队页面 - 响应式测试 › 移动端布局" classname="team.spec.ts" time="0">
<skipped>
</skipped>
</testcase>
<testcase name="团队页面 - 响应式测试 › 平板端布局" classname="team.spec.ts" time="0">
<skipped>
</skipped>
</testcase>
<testcase name="团队页面 - 响应式测试 › 桌面端布局" classname="team.spec.ts" time="0">
<skipped>
</skipped>
</testcase>
<testcase name="团队页面 - 响应式测试 › 超大屏幕布局" classname="team.spec.ts" time="0">
<skipped>
</skipped>
</testcase>
<testcase name="团队页面 - 导航测试 › 从首页导航到团队页面" classname="team.spec.ts" time="0">
<skipped>
</skipped>
</testcase>
<testcase name="团队页面 - 导航测试 › 从团队页面导航回首页" classname="team.spec.ts" time="0">
<skipped>
</skipped>
</testcase>
<testcase name="团队页面 - 导航测试 › 团队页面应该有返回导航" classname="team.spec.ts" time="0">
<skipped>
</skipped>
</testcase>
<testcase name="团队页面 - 无障碍测试 › 页面应该有正确的标题层次" classname="team.spec.ts" time="0">
<skipped>
</skipped>
</testcase>
<testcase name="团队页面 - 无障碍测试 › 成员卡片应该可访问" classname="team.spec.ts" time="0">
<skipped>
</skipped>
</testcase>
<testcase name="团队页面 - 无障碍测试 › 页面应该支持键盘导航" classname="team.spec.ts" time="0">
<skipped>
</skipped>
</testcase>
<testcase name="团队页面 - 性能测试 › 页面应该在合理时间内加载" classname="team.spec.ts" time="0">
<skipped>
</skipped>
</testcase>
<testcase name="团队页面 - 性能测试 › 成员卡片应该快速渲染" classname="team.spec.ts" time="0">
<skipped>
</skipped>
</testcase>
<testcase name="团队页面 - 国际化测试 › 中文版本应该正确显示" classname="team.spec.ts" time="0">
<skipped>
</skipped>
</testcase>
<testcase name="团队页面 - 国际化测试 › 英文版本应该正确显示" classname="team.spec.ts" time="0">
<skipped>
</skipped>
</testcase>
<testcase name="团队页面 - 国际化测试 › 语言切换应该工作" classname="team.spec.ts" time="0">
<skipped>
</skipped>
</testcase>
</testsuite>
<testsuite name="theme.spec.ts" timestamp="2026-03-28T23:20:27.296Z" hostname="chromium" tests="9" failures="0" skipped="9" time="0" errors="0">
<testcase name="主题切换测试 › 页面应该有主题切换按钮" classname="theme.spec.ts" time="0">
<skipped>
</skipped>
</testcase>
<testcase name="主题切换测试 › 应该能切换到暗色模式" classname="theme.spec.ts" time="0">
<skipped>
</skipped>
</testcase>
<testcase name="主题切换测试 › 主题切换应该保持页面内容可见" classname="theme.spec.ts" time="0">
<skipped>
</skipped>
</testcase>
<testcase name="主题切换测试 › 主题选择应该被持久化" classname="theme.spec.ts" time="0">
<skipped>
</skipped>
</testcase>
<testcase name="主题切换测试 › 暗色模式下文本应该可读" classname="theme.spec.ts" time="0">
<skipped>
</skipped>
</testcase>
<testcase name="主题切换测试 › 主题切换按钮应该有正确的无障碍标签" classname="theme.spec.ts" time="0">
<skipped>
</skipped>
</testcase>
<testcase name="主题初始化测试 › 首次访问应该正确初始化主题" classname="theme.spec.ts" time="0">
<skipped>
</skipped>
</testcase>
<testcase name="主题初始化测试 › 主题应该跟随系统偏好" classname="theme.spec.ts" time="0">
<skipped>
</skipped>
</testcase>
<testcase name="主题初始化测试 › 亮色模式下页面应该正常显示" classname="theme.spec.ts" time="0">
<skipped>
</skipped>
</testcase>
</testsuite>
<testsuite name="user-management.spec.ts" timestamp="2026-03-28T23:20:27.296Z" hostname="chromium" tests="23" failures="0" skipped="23" time="0" errors="0">
<testcase name="User Management › should navigate to user management page" classname="user-management.spec.ts" time="0">
<skipped>
</skipped>
</testcase>
<testcase name="User Management › should display user list" classname="user-management.spec.ts" time="0">
<skipped>
</skipped>
</testcase>
<testcase name="User Management › should search users by name" classname="user-management.spec.ts" time="0">
<skipped>
</skipped>
</testcase>
<testcase name="User Management › should search users by email" classname="user-management.spec.ts" time="0">
<skipped>
</skipped>
</testcase>
<testcase name="User Management › should filter users by role" classname="user-management.spec.ts" time="0">
<skipped>
</skipped>
</testcase>
<testcase name="User Management › should sort users by column" classname="user-management.spec.ts" time="0">
<skipped>
</skipped>
</testcase>
<testcase name="User Management › should open create user dialog" classname="user-management.spec.ts" time="0">
<skipped>
</skipped>
</testcase>
<testcase name="User Management › should create new user" classname="user-management.spec.ts" time="0">
<skipped>
</skipped>
</testcase>
<testcase name="User Management › should validate user creation form" classname="user-management.spec.ts" time="0">
<skipped>
</skipped>
</testcase>
<testcase name="User Management › should validate email format when creating user" classname="user-management.spec.ts" time="0">
<skipped>
</skipped>
</testcase>
<testcase name="User Management › should edit existing user" classname="user-management.spec.ts" time="0">
<skipped>
</skipped>
</testcase>
<testcase name="User Management › should delete user" classname="user-management.spec.ts" time="0">
<skipped>
</skipped>
</testcase>
<testcase name="User Management › should handle user deletion with confirmation" classname="user-management.spec.ts" time="0">
<skipped>
</skipped>
</testcase>
<testcase name="User Management › should change user role" classname="user-management.spec.ts" time="0">
<skipped>
</skipped>
</testcase>
<testcase name="User Management › should deactivate user" classname="user-management.spec.ts" time="0">
<skipped>
</skipped>
</testcase>
<testcase name="User Management › should handle pagination" classname="user-management.spec.ts" time="0">
<skipped>
</skipped>
</testcase>
<testcase name="User Management › should export user list" classname="user-management.spec.ts" time="0">
<skipped>
</skipped>
</testcase>
<testcase name="User Management › should show user details" classname="user-management.spec.ts" time="0">
<skipped>
</skipped>
</testcase>
<testcase name="User Management › should handle bulk actions" classname="user-management.spec.ts" time="0">
<skipped>
</skipped>
</testcase>
<testcase name="User Management Permissions › should restrict non-admin users from accessing user management" classname="user-management.spec.ts" time="0">
<skipped>
</skipped>
</testcase>
<testcase name="User Management Permissions › should show restricted actions for non-admin" classname="user-management.spec.ts" time="0">
<skipped>
</skipped>
</testcase>
<testcase name="User Management Accessibility › should have proper ARIA labels on user table" classname="user-management.spec.ts" time="0">
<skipped>
</skipped>
</testcase>
<testcase name="User Management Accessibility › should support keyboard navigation" classname="user-management.spec.ts" time="0">
<skipped>
</skipped>
</testcase>
</testsuite>
<testsuite name="user-registration.spec.ts" timestamp="2026-03-28T23:20:27.296Z" hostname="chromium" tests="18" failures="0" skipped="18" time="0" errors="0">
<testcase name="User Registration Flow › should navigate to registration page" classname="user-registration.spec.ts" time="0">
<skipped>
</skipped>
</testcase>
<testcase name="User Registration Flow › should display all registration form fields" classname="user-registration.spec.ts" time="0">
<skipped>
</skipped>
</testcase>
<testcase name="User Registration Flow › should validate email format during registration" classname="user-registration.spec.ts" time="0">
<skipped>
</skipped>
</testcase>
<testcase name="User Registration Flow › should validate password strength" classname="user-registration.spec.ts" time="0">
<skipped>
</skipped>
</testcase>
<testcase name="User Registration Flow › should validate password confirmation" classname="user-registration.spec.ts" time="0">
<skipped>
</skipped>
</testcase>
<testcase name="User Registration Flow › should show required field errors" classname="user-registration.spec.ts" time="0">
<skipped>
</skipped>
</testcase>
<testcase name="User Registration Flow › should handle duplicate email registration" classname="user-registration.spec.ts" time="0">
<skipped>
</skipped>
</testcase>
<testcase name="User Registration Flow › should complete successful registration" classname="user-registration.spec.ts" time="0">
<skipped>
</skipped>
</testcase>
<testcase name="User Registration Flow › should handle registration with social login" classname="user-registration.spec.ts" time="0">
<skipped>
</skipped>
</testcase>
<testcase name="User Registration Flow › should show password strength indicator" classname="user-registration.spec.ts" time="0">
<skipped>
</skipped>
</testcase>
<testcase name="User Registration Flow › should handle terms and conditions checkbox" classname="user-registration.spec.ts" time="0">
<skipped>
</skipped>
</testcase>
<testcase name="User Registration Flow › should navigate to login page from registration" classname="user-registration.spec.ts" time="0">
<skipped>
</skipped>
</testcase>
<testcase name="User Registration Flow › should show loading state during registration" classname="user-registration.spec.ts" time="0">
<skipped>
</skipped>
</testcase>
<testcase name="User Registration Flow › should handle registration errors gracefully" classname="user-registration.spec.ts" time="0">
<skipped>
</skipped>
</testcase>
<testcase name="Registration Accessibility › should have proper form labels and ARIA attributes" classname="user-registration.spec.ts" time="0">
<skipped>
</skipped>
</testcase>
<testcase name="Registration Accessibility › should support keyboard navigation" classname="user-registration.spec.ts" time="0">
<skipped>
</skipped>
</testcase>
<testcase name="Registration Flow Integration › should complete registration and redirect to dashboard" classname="user-registration.spec.ts" time="0">
<skipped>
</skipped>
</testcase>
<testcase name="Registration Flow Integration › should auto-login after successful registration" classname="user-registration.spec.ts" time="0">
<skipped>
</skipped>
</testcase>
</testsuite>
<testsuite name="visual-regression-enhanced.spec.ts" timestamp="2026-03-28T23:20:27.296Z" hostname="chromium" tests="32" failures="0" skipped="32" time="0" errors="0">
[...]
<skipped>
</skipped>
</testcase>
<testcase name="User Management › should edit existing user" classname="user-management.spec.ts" time="0">
<skipped>
</skipped>
</testcase>
<testcase name="User Management › should delete user" classname="user-management.spec.ts" time="0">
<skipped>
</skipped>
</testcase>
<testcase name="User Management › should handle user deletion with confirmation" classname="user-management.spec.ts" time="0">
<skipped>
</skipped>
</testcase>
<testcase name="User Management › should change user role" classname="user-management.spec.ts" time="0">
<skipped>
</skipped>
</testcase>
<testcase name="User Management › should deactivate user" classname="user-management.spec.ts" time="0">
<skipped>
</skipped>
</testcase>
<testcase name="User Management › should handle pagination" classname="user-management.spec.ts" time="0">
<skipped>
</skipped>
</testcase>
<testcase name="User Management › should export user list" classname="user-management.spec.ts" time="0">
<skipped>
</skipped>
</testcase>
<testcase name="User Management › should show user details" classname="user-management.spec.ts" time="0">
<skipped>
</skipped>
</testcase>
<testcase name="User Management › should handle bulk actions" classname="user-management.spec.ts" time="0">
<skipped>
</skipped>
</testcase>
<testcase name="User Management Permissions › should restrict non-admin users from accessing user management" classname="user-management.spec.ts" time="0">
<skipped>
</skipped>
</testcase>
<testcase name="User Management Permissions › should show restricted actions for non-admin" classname="user-management.spec.ts" time="0">
<skipped>
</skipped>
</testcase>
<testcase name="User Management Accessibility › should have proper ARIA labels on user table" classname="user-management.spec.ts" time="0">
<skipped>
</skipped>
</testcase>
<testcase name="User Management Accessibility › should support keyboard navigation" classname="user-management.spec.ts" time="0">
<skipped>
</skipped>
</testcase>
</testsuite>
<testsuite name="user-registration.spec.ts" timestamp="2026-03-28T23:20:27.296Z" hostname="Mobile Chrome" tests="18" failures="0" skipped="18" time="0" errors="0">
<testcase name="User Registration Flow › should navigate to registration page" classname="user-registration.spec.ts" time="0">
<skipped>
</skipped>
</testcase>
<testcase name="User Registration Flow › should display all registration form fields" classname="user-registration.spec.ts" time="0">
<skipped>
</skipped>
</testcase>
<testcase name="User Registration Flow › should validate email format during registration" classname="user-registration.spec.ts" time="0">
<skipped>
</skipped>
</testcase>
<testcase name="User Registration Flow › should validate password strength" classname="user-registration.spec.ts" time="0">
<skipped>
</skipped>
</testcase>
<testcase name="User Registration Flow › should validate password confirmation" classname="user-registration.spec.ts" time="0">
<skipped>
</skipped>
</testcase>
<testcase name="User Registration Flow › should show required field errors" classname="user-registration.spec.ts" time="0">
<skipped>
</skipped>
</testcase>
<testcase name="User Registration Flow › should handle duplicate email registration" classname="user-registration.spec.ts" time="0">
<skipped>
</skipped>
</testcase>
<testcase name="User Registration Flow › should complete successful registration" classname="user-registration.spec.ts" time="0">
<skipped>
</skipped>
</testcase>
<testcase name="User Registration Flow › should handle registration with social login" classname="user-registration.spec.ts" time="0">
<skipped>
</skipped>
</testcase>
<testcase name="User Registration Flow › should show password strength indicator" classname="user-registration.spec.ts" time="0">
<skipped>
</skipped>
</testcase>
<testcase name="User Registration Flow › should handle terms and conditions checkbox" classname="user-registration.spec.ts" time="0">
<skipped>
</skipped>
</testcase>
<testcase name="User Registration Flow › should navigate to login page from registration" classname="user-registration.spec.ts" time="0">
<skipped>
</skipped>
</testcase>
<testcase name="User Registration Flow › should show loading state during registration" classname="user-registration.spec.ts" time="0">
<skipped>
</skipped>
</testcase>
<testcase name="User Registration Flow › should handle registration errors gracefully" classname="user-registration.spec.ts" time="0">
<skipped>
</skipped>
</testcase>
<testcase name="Registration Accessibility › should have proper form labels and ARIA attributes" classname="user-registration.spec.ts" time="0">
<skipped>
</skipped>
</testcase>
<testcase name="Registration Accessibility › should support keyboard navigation" classname="user-registration.spec.ts" time="0">
<skipped>
</skipped>
</testcase>
<testcase name="Registration Flow Integration › should complete registration and redirect to dashboard" classname="user-registration.spec.ts" time="0">
<skipped>
</skipped>
</testcase>
<testcase name="Registration Flow Integration › should auto-login after successful registration" classname="user-registration.spec.ts" time="0">
<skipped>
</skipped>
</testcase>
</testsuite>
<testsuite name="visual-regression-enhanced.spec.ts" timestamp="2026-03-28T23:20:27.296Z" hostname="Mobile Chrome" tests="32" failures="0" skipped="32" time="0" errors="0">
<testcase name="Visual Regression - Home Page › should match home page screenshot - Desktop" classname="visual-regression-enhanced.spec.ts" time="0">
<skipped>
</skipped>
</testcase>
<testcase name="Visual Regression - Home Page › should match home page screenshot - Laptop" classname="visual-regression-enhanced.spec.ts" time="0">
<skipped>
</skipped>
</testcase>
<testcase name="Visual Regression - Home Page › should match home page screenshot - Tablet" classname="visual-regression-enhanced.spec.ts" time="0">
<skipped>
</skipped>
</testcase>
<testcase name="Visual Regression - Home Page › should match home page screenshot - Mobile" classname="visual-regression-enhanced.spec.ts" time="0">
<skipped>
</skipped>
</testcase>
<testcase name="Visual Regression - Home Page › should match hero section - Light theme" classname="visual-regression-enhanced.spec.ts" time="0">
<skipped>
</skipped>
</testcase>
<testcase name="Visual Regression - Home Page › should match hero section - Dark theme" classname="visual-regression-enhanced.spec.ts" time="0">
<skipped>
</skipped>
</testcase>
<testcase name="Visual Regression - Home Page › should match navigation bar" classname="visual-regression-enhanced.spec.ts" time="0">
<skipped>
</skipped>
</testcase>
<testcase name="Visual Regression - Dashboard Page › should match dashboard - Desktop" classname="visual-regression-enhanced.spec.ts" time="0">
<skipped>
</skipped>
</testcase>
<testcase name="Visual Regression - Dashboard Page › should match dashboard - Light theme" classname="visual-regression-enhanced.spec.ts" time="0">
<skipped>
</skipped>
</testcase>
<testcase name="Visual Regression - Dashboard Page › should match dashboard - Dark theme" classname="visual-regression-enhanced.spec.ts" time="0">
<skipped>
</skipped>
</testcase>
<testcase name="Visual Regression - Dashboard Page › should match stats cards" classname="visual-regression-enhanced.spec.ts" time="0">
<skipped>
</skipped>
</testcase>
<testcase name="Visual Regression - Dashboard Page › should match task list" classname="visual-regression-enhanced.spec.ts" time="0">
<skipped>
</skipped>
</testcase>
<testcase name="Visual Regression - Dashboard Page › should match create task button" classname="visual-regression-enhanced.spec.ts" time="0">
<skipped>
</skipped>
</testcase>
<testcase name="Visual Regression - Team Page › should match team page - Desktop" classname="visual-regression-enhanced.spec.ts" time="0">
<skipped>
</skipped>
</testcase>
<testcase name="Visual Regression - Team Page › should match team page - Mobile" classname="visual-regression-enhanced.spec.ts" time="0">
<skipped>
</skipped>
</testcase>
<testcase name="Visual Regression - Team Page › should match team member card" classname="visual-regression-enhanced.spec.ts" time="0">
<skipped>
</skipped>
</testcase>
<testcase name="Visual Regression - Team Page › should match team page - Dark theme" classname="visual-regression-enhanced.spec.ts" time="0">
<skipped>
</skipped>
</testcase>
<testcase name="Visual Regression - Contact Page › should match contact page - Desktop" classname="visual-regression-enhanced.spec.ts" time="0">
<skipped>
</skipped>
</testcase>
<testcase name="Visual Regression - Contact Page › should match contact form" classname="visual-regression-enhanced.spec.ts" time="0">
<skipped>
</skipped>
</testcase>
<testcase name="Visual Regression - Contact Page › should match contact page with filled form" classname="visual-regression-enhanced.spec.ts" time="0">
<skipped>
</skipped>
</testcase>
<testcase name="Visual Regression - About Page › should match about page - Desktop" classname="visual-regression-enhanced.spec.ts" time="0">
<skipped>
</skipped>
</testcase>
<testcase name="Visual Regression - About Page › should match about page - Dark theme" classname="visual-regression-enhanced.spec.ts" time="0">
<skipped>
</skipped>
</testcase>
<testcase name="Visual Regression - Blog Page › should match blog page - Desktop" classname="visual-regression-enhanced.spec.ts" time="0">
<skipped>
</skipped>
</testcase>
<testcase name="Visual Regression - Blog Page › should match blog card" classname="visual-regression-enhanced.spec.ts" time="0">
<skipped>
</skipped>
</testcase>
<testcase name="Visual Regression - Interactive States › should match button hover state" classname="visual-regression-enhanced.spec.ts" time="0">
<skipped>
</skipped>
</testcase>
<testcase name="Visual Regression - Interactive States › should match link hover state" classname="visual-regression-enhanced.spec.ts" time="0">
<skipped>
</skipped>
</testcase>
<testcase name="Visual Regression - Interactive States › should match input focus state" classname="visual-regression-enhanced.spec.ts" time="0">
<skipped>
</skipped>
</testcase>
<testcase name="Visual Regression - Interactive States › should match modal state" classname="visual-regression-enhanced.spec.ts" time="0">
<skipped>
</skipped>
</testcase>
<testcase name="Visual Regression - Component Consistency › should match consistent button styles across pages" classname="visual-regression-enhanced.spec.ts" time="0">
<skipped>
</skipped>
</testcase>
<testcase name="Visual Regression - Component Consistency › should match consistent card styles" classname="visual-regression-enhanced.spec.ts" time="0">
<skipped>
</skipped>
</testcase>
<testcase name="Visual Regression - Error States › should match 404 page" classname="visual-regression-enhanced.spec.ts" time="0">
<skipped>
</skipped>
</testcase>
<testcase name="Visual Regression - Error States › should match error form state" classname="visual-regression-enhanced.spec.ts" time="0">
<skipped>
</skipped>
</testcase>
</testsuite>
<testsuite name="visual-regression.spec.ts" timestamp="2026-03-28T23:20:27.296Z" hostname="Mobile Chrome" tests="16" failures="0" skipped="16" time="0" errors="0">
<testcase name="视觉回归测试 - 首页 › 首页 - 桌面端截图" classname="visual-regression.spec.ts" time="0">
<skipped>
</skipped>
</testcase>
<testcase name="视觉回归测试 - 首页 › 首页 - 移动端截图" classname="visual-regression.spec.ts" time="0">
<skipped>
</skipped>
</testcase>
<testcase name="视觉回归测试 - 首页 › 首页 - 平板端截图" classname="visual-regression.spec.ts" time="0">
<skipped>
</skipped>
</testcase>
<testcase name="视觉回归测试 - 首页 › 首页 - 导航栏截图" classname="visual-regression.spec.ts" time="0">
<skipped>
</skipped>
</testcase>
<testcase name="视觉回归测试 - 首页 › 首页 - 英雄区域截图" classname="visual-regression.spec.ts" time="0">
<skipped>
</skipped>
</testcase>
<testcase name="视觉回归测试 - 团队页面 › 团队页面 - 桌面端截图" classname="visual-regression.spec.ts" time="0">
<skipped>
</skipped>
</testcase>
<testcase name="视觉回归测试 - 团队页面 › 团队页面 - 移动端截图" classname="visual-regression.spec.ts" time="0">
<skipped>
</skipped>
</testcase>
<testcase name="视觉回归测试 - 团队页面 › 团队页面 - 成员卡片截图" classname="visual-regression.spec.ts" time="0">
<skipped>
</skipped>
</testcase>
<testcase name="视觉回归测试 - Dashboard › Dashboard - 桌面端截图" classname="visual-regression.spec.ts" time="0">
<skipped>
</skipped>
</testcase>
<testcase name="视觉回归测试 - Dashboard › Dashboard - 统计卡片截图" classname="visual-regression.spec.ts" time="0">
<skipped>
</skipped>
</testcase>
<testcase name="视觉回归测试 - 联系页面 › 联系页面 - 桌面端截图" classname="visual-regression.spec.ts" time="0">
<skipped>
</skipped>
</testcase>
<testcase name="视觉回归测试 - 联系页面 › 联系页面 - 表单截图" classname="visual-regression.spec.ts" time="0">
<skipped>
</skipped>
</testcase>
<testcase name="视觉回归测试 - 关于页面 › 关于页面 - 桌面端截图" classname="visual-regression.spec.ts" time="0">
<skipped>
</skipped>
</testcase>
<testcase name="视觉回归测试 - 博客页面 › 博客页面 - 桌面端截图" classname="visual-regression.spec.ts" time="0">
<skipped>
</skipped>
</testcase>
<testcase name="视觉回归测试 - 深色模式 › 深色模式 - 首页截图" classname="visual-regression.spec.ts" time="0">
<skipped>
</skipped>
</testcase>
<testcase name="视觉回归测试 - 深色模式 › 深色模式 - Dashboard 截图" classname="visual-regression.spec.ts" time="0">
<skipped>
</skipped>
</testcase>
</testsuite>
<testsuite name="websocket-realtime.spec.ts" timestamp="2026-03-28T23:20:27.296Z" hostname="Mobile Chrome" tests="27" failures="0" skipped="27" time="0" errors="0">
<testcase name="WebSocket Connection › should establish WebSocket connection" classname="websocket-realtime.spec.ts" time="0">
<skipped>
</skipped>
</testcase>
<testcase name="WebSocket Connection › should show connection status" classname="websocket-realtime.spec.ts" time="0">
<skipped>
</skipped>
</testcase>
<testcase name="WebSocket Connection › should handle reconnection on disconnect" classname="websocket-realtime.spec.ts" time="0">
<skipped>
</skipped>
</testcase>
<testcase name="WebSocket Connection › should display connection error" classname="websocket-realtime.spec.ts" time="0">
<skipped>
</skipped>
</testcase>
<testcase name="Real-time Task Updates › should receive task updates in real-time" classname="websocket-realtime.spec.ts" time="0">
<skipped>
</skipped>
</testcase>
<testcase name="Real-time Task Updates › should update task list without refresh" classname="websocket-realtime.spec.ts" time="0">
<skipped>
</skipped>
</testcase>
<testcase name="Real-time Task Updates › should show indicator for new items" classname="websocket-realtime.spec.ts" time="0">
<skipped>
</skipped>
</testcase>
<testcase name="Real-time Task Updates › should update task status in real-time" classname="websocket-realtime.spec.ts" time="0">
<skipped>
</skipped>
</testcase>
<testcase name="Real-time Collaboration › should show active users" classname="websocket-realtime.spec.ts" time="0">
<skipped>
</skipped>
</testcase>
<testcase name="Real-time Collaboration › should show typing indicators" classname="websocket-realtime.spec.ts" time="0">
<skipped>
</skipped>
</testcase>
<testcase name="Real-time Collaboration › should update collaborator cursor position" classname="websocket-realtime.spec.ts" time="0">
<skipped>
</skipped>
</testcase>
<testcase name="Real-time Collaboration › should show collaborative editing indicators" classname="websocket-realtime.spec.ts" time="0">
<skipped>
</skipped>
</testcase>
<testcase name="Real-time Dashboard Updates › should update metrics in real-time" classname="websocket-realtime.spec.ts" time="0">
<skipped>
</skipped>
</testcase>
<testcase name="Real-time Dashboard Updates › should show live activity feed" classname="websocket-realtime.spec.ts" time="0">
<skipped>
</skipped>
</testcase>
<testcase name="Real-time Dashboard Updates › should update charts in real-time" classname="websocket-realtime.spec.ts" time="0">
<skipped>
</skipped>
</testcase>
<testcase name="Push Notifications › should request notification permission" classname="websocket-realtime.spec.ts" time="0">
<skipped>
</skipped>
</testcase>
<testcase name="Push Notifications › should display push notification" classname="websocket-realtime.spec.ts" time="0">
<skipped>
</skipped>
</testcase>
<testcase name="Push Notifications › should handle notification click" classname="websocket-realtime.spec.ts" time="0">
<skipped>
</skipped>
</testcase>
<testcase name="Push Notifications › should configure push notification preferences" classname="websocket-realtime.spec.ts" time="0">
<skipped>
</skipped>
</testcase>
<testcase name="Server-Sent Events (SSE) › should receive SSE updates" classname="websocket-realtime.spec.ts" time="0">
<skipped>
</skipped>
</testcase>
<testcase name="Server-Sent Events (SSE) › should handle SSE reconnection" classname="websocket-realtime.spec.ts" time="0">
<skipped>
</skipped>
</testcase>
<testcase name="WebSocket Security › should use secure WebSocket (WSS)" classname="websocket-realtime.spec.ts" time="0">
<skipped>
</skipped>
</testcase>
<testcase name="WebSocket Security › should require authentication for WebSocket" classname="websocket-realtime.spec.ts" time="0">
<skipped>
</skipped>
</testcase>
<testcase name="WebSocket Security › should handle WebSocket errors gracefully" classname="websocket-realtime.spec.ts" time="0">
<skipped>
</skipped>
</testcase>
<testcase name="Real-time Performance › should handle multiple simultaneous updates" classname="websocket-realtime.spec.ts" time="0">
<skipped>
</skipped>
</testcase>
<testcase name="Real-time Performance › should not block UI during real-time updates" classname="websocket-realtime.spec.ts" time="0">
<skipped>
</skipped>
</testcase>
<testcase name="Real-time Performance › should debounce rapid updates" classname="websocket-realtime.spec.ts" time="0">
<skipped>
</skipped>
</testcase>
</testsuite>
<testsuite name="visual-regression.spec.ts" timestamp="2026-03-28T23:20:27.296Z" hostname="visual-regression" tests="16" failures="0" skipped="16" time="0" errors="0">
<testcase name="视觉回归测试 - 首页 › 首页 - 桌面端截图" classname="visual-regression.spec.ts" time="0">
<skipped>
</skipped>
</testcase>
<testcase name="视觉回归测试 - 首页 › 首页 - 移动端截图" classname="visual-regression.spec.ts" time="0">
<skipped>
</skipped>
</testcase>
<testcase name="视觉回归测试 - 首页 › 首页 - 平板端截图" classname="visual-regression.spec.ts" time="0">
<skipped>
</skipped>
</testcase>
<testcase name="视觉回归测试 - 首页 › 首页 - 导航栏截图" classname="visual-regression.spec.ts" time="0">
<skipped>
</skipped>
</testcase>
<testcase name="视觉回归测试 - 首页 › 首页 - 英雄区域截图" classname="visual-regression.spec.ts" time="0">
<skipped>
</skipped>
</testcase>
<testcase name="视觉回归测试 - 团队页面 › 团队页面 - 桌面端截图" classname="visual-regression.spec.ts" time="0">
<skipped>
</skipped>
</testcase>
<testcase name="视觉回归测试 - 团队页面 › 团队页面 - 移动端截图" classname="visual-regression.spec.ts" time="0">
<skipped>
</skipped>
</testcase>
<testcase name="视觉回归测试 - 团队页面 › 团队页面 - 成员卡片截图" classname="visual-regression.spec.ts" time="0">
<skipped>
</skipped>
</testcase>
<testcase name="视觉回归测试 - Dashboard › Dashboard - 桌面端截图" classname="visual-regression.spec.ts" time="0">
<skipped>
</skipped>
</testcase>
<testcase name="视觉回归测试 - Dashboard › Dashboard - 统计卡片截图" classname="visual-regression.spec.ts" time="0">
<skipped>
</skipped>
</testcase>
<testcase name="视觉回归测试 - 联系页面 › 联系页面 - 桌面端截图" classname="visual-regression.spec.ts" time="0">
<skipped>
</skipped>
</testcase>
<testcase name="视觉回归测试 - 联系页面 › 联系页面 - 表单截图" classname="visual-regression.spec.ts" time="0">
<skipped>
</skipped>
</testcase>
<testcase name="视觉回归测试 - 关于页面 › 关于页面 - 桌面端截图" classname="visual-regression.spec.ts" time="0">
<skipped>
</skipped>
</testcase>
<testcase name="视觉回归测试 - 博客页面 › 博客页面 - 桌面端截图" classname="visual-regression.spec.ts" time="0">
<skipped>
</skipped>
</testcase>
<testcase name="视觉回归测试 - 深色模式 › 深色模式 - 首页截图" classname="visual-regression.spec.ts" time="0">
<skipped>
</skipped>
</testcase>
<testcase name="视觉回归测试 - 深色模式 › 深色模式 - Dashboard 截图" classname="visual-regression.spec.ts" time="0">
<skipped>
</skipped>
</testcase>
</testsuite>
</testsuites>